[Sun Sep 24 23:49:34.278518 2023] [ssl:warn] [pid 25048:tid 360] AH01909: YeetTourney-master:443:0 server certificate does NOT include an ID which matches the server name
[Sun Sep 24 23:49:34.282098 2023] [ssl:warn] [pid 25048:tid 360] AH01909: PTI-main:443:0 server certificate does NOT include an ID which matches the server name
[Sun Sep 24 23:49:34.285147 2023] [ssl:warn] [pid 25048:tid 360] AH01909: pro2:443:0 server certificate does NOT include an ID which matches the server name
[Sun Sep 24 23:49:34.288739 2023] [ssl:warn] [pid 25048:tid 360] AH01909: Portfolio-Website-main:443:0 server certificate does NOT include an ID which matches the server name
[Sun Sep 24 23:49:34.294877 2023] [ssl:warn] [pid 25048:tid 360] AH01909: dist:443:0 server certificate does NOT include an ID which matches the server name
[Sun Sep 24 23:49:34.297945 2023] [ssl:warn] [pid 25048:tid 360] AH01909: basspunk:443:0 server certificate does NOT include an ID which matches the server name
[Sun Sep 24 23:49:34.301026 2023] [ssl:warn] [pid 25048:tid 360] AH01909: basso-ostinato:443:0 server certificate does NOT include an ID which matches the server name
[Sun Sep 24 23:49:34.304596 2023] [ssl:warn] [pid 25048:tid 360] AH01909: default:443:0 server certificate does NOT include an ID which matches the server name
[Sun Sep 24 23:49:34.338494 2023] [ssl:warn] [pid 25048:tid 360] AH01909: YeetTourney-master:443:0 server certificate does NOT include an ID which matches the server name
[Sun Sep 24 23:49:34.341866 2023] [ssl:warn] [pid 25048:tid 360] AH01909: PTI-main:443:0 server certificate does NOT include an ID which matches the server name
[Sun Sep 24 23:49:34.344942 2023] [ssl:warn] [pid 25048:tid 360] AH01909: pro2:443:0 server certificate does NOT include an ID which matches the server name
[Sun Sep 24 23:49:34.347979 2023] [ssl:warn] [pid 25048:tid 360] AH01909: Portfolio-Website-main:443:0 server certificate does NOT include an ID which matches the server name
[Sun Sep 24 23:49:34.354071 2023] [ssl:warn] [pid 25048:tid 360] AH01909: dist:443:0 server certificate does NOT include an ID which matches the server name
[Sun Sep 24 23:49:34.357140 2023] [ssl:warn] [pid 25048:tid 360] AH01909: basspunk:443:0 server certificate does NOT include an ID which matches the server name
[Sun Sep 24 23:49:34.360196 2023] [ssl:warn] [pid 25048:tid 360] AH01909: basso-ostinato:443:0 server certificate does NOT include an ID which matches the server name
[Sun Sep 24 23:49:34.363264 2023] [ssl:warn] [pid 25048:tid 360] AH01909: default:443:0 server certificate does NOT include an ID which matches the server name
[Sun Sep 24 23:49:34.416025 2023] [mpm_winnt:notice] [pid 25048:tid 360] AH00455: Apache/2.4.54 (Win64) OpenSSL/3.0.5 configured -- resuming normal operations
[Sun Sep 24 23:49:34.416025 2023] [mpm_winnt:notice] [pid 25048:tid 360] AH00456: Server built: Jul 26 2022 23:58:26
[Sun Sep 24 23:49:34.416025 2023] [core:notice] [pid 25048:tid 360] AH00094: Command line: 'C:\\ospanel\\modules\\http\\Apache_2.4-PHP_8.0-8.1\\bin\\httpd.exe -d C:/OSPanel/modules/http/Apache_2.4-PHP_8.0-8.1 -f c:\\ospanel\\modules\\http\\Apache_2.4-PHP_8.0-8.1\\conf\\httpd.conf'
[Sun Sep 24 23:49:34.423515 2023] [mpm_winnt:notice] [pid 25048:tid 360] AH00418: Parent: Created child process 29988
[Sun Sep 24 23:49:34.734924 2023] [ssl:warn] [pid 29988:tid 372] AH01909: YeetTourney-master:443:0 server certificate does NOT include an ID which matches the server name
[Sun Sep 24 23:49:34.738199 2023] [ssl:warn] [pid 29988:tid 372] AH01909: PTI-main:443:0 server certificate does NOT include an ID which matches the server name
[Sun Sep 24 23:49:34.741778 2023] [ssl:warn] [pid 29988:tid 372] AH01909: pro2:443:0 server certificate does NOT include an ID which matches the server name
[Sun Sep 24 23:49:34.744333 2023] [ssl:warn] [pid 29988:tid 372] AH01909: Portfolio-Website-main:443:0 server certificate does NOT include an ID which matches the server name
[Sun Sep 24 23:49:34.750438 2023] [ssl:warn] [pid 29988:tid 372] AH01909: dist:443:0 server certificate does NOT include an ID which matches the server name
[Sun Sep 24 23:49:34.754024 2023] [ssl:warn] [pid 29988:tid 372] AH01909: basspunk:443:0 server certificate does NOT include an ID which matches the server name
[Sun Sep 24 23:49:34.757093 2023] [ssl:warn] [pid 29988:tid 372] AH01909: basso-ostinato:443:0 server certificate does NOT include an ID which matches the server name
[Sun Sep 24 23:49:34.760122 2023] [ssl:warn] [pid 29988:tid 372] AH01909: default:443:0 server certificate does NOT include an ID which matches the server name
[Sun Sep 24 23:49:34.792997 2023] [ssl:warn] [pid 29988:tid 372] AH01909: YeetTourney-master:443:0 server certificate does NOT include an ID which matches the server name
[Sun Sep 24 23:49:34.796071 2023] [ssl:warn] [pid 29988:tid 372] AH01909: PTI-main:443:0 server certificate does NOT include an ID which matches the server name
[Sun Sep 24 23:49:34.799131 2023] [ssl:warn] [pid 29988:tid 372] AH01909: pro2:443:0 server certificate does NOT include an ID which matches the server name
[Sun Sep 24 23:49:34.802202 2023] [ssl:warn] [pid 29988:tid 372] AH01909: Portfolio-Website-main:443:0 server certificate does NOT include an ID which matches the server name
[Sun Sep 24 23:49:34.808350 2023] [ssl:warn] [pid 29988:tid 372] AH01909: dist:443:0 server certificate does NOT include an ID which matches the server name
[Sun Sep 24 23:49:34.811405 2023] [ssl:warn] [pid 29988:tid 372] AH01909: basspunk:443:0 server certificate does NOT include an ID which matches the server name
[Sun Sep 24 23:49:34.814456 2023] [ssl:warn] [pid 29988:tid 372] AH01909: basso-ostinato:443:0 server certificate does NOT include an ID which matches the server name
[Sun Sep 24 23:49:34.817496 2023] [ssl:warn] [pid 29988:tid 372] AH01909: default:443:0 server certificate does NOT include an ID which matches the server name
[Sun Sep 24 23:49:34.844637 2023] [mpm_winnt:notice] [pid 29988:tid 372] AH00354: Child: Starting 128 worker threads.
