c:\ospanel\modules\database\MySQL-8.0-Win10\bin\mysqld.exe, Version: 8.0.30 (MySQL Community Server - GPL). started with:
TCP Port: 3306, Named Pipe: MySQL
Time                 Id Command    Argument
2023-09-24T20:49:34.520695Z	    0 Execute	CREATE TABLE performance_schema.innodb_redo_log_files(
`FILE_ID` BIGINT NOT NULL COMMENT 'Id of the file.',
`FILE_NAME` VARCHAR(2000) NOT NULL COMMENT 'Path to the file.',
`START_LSN` BIGINT NOT NULL COMMENT 'LSN of the first block in the file.',
`END_LSN` BIGINT NOT NULL COMMENT 'LSN after the last block in the file.',
`SIZE_IN_BYTES` BIGINT NOT NULL COMMENT 'Size of the file (in bytes).',
`IS_FULL` TINYINT NOT NULL COMMENT '1 iff file has no free space inside.',
`CONSUMER_LEVEL` INT NOT NULL COMMENT 'All redo log consumers registered on smaller levels than this value, have already consumed this file.'
)engine = 'performance_schema'
2023-09-24T21:12:45.574432Z	    8 Connect	root@localhost on  using TCP/IP
2023-09-24T21:12:45.576178Z	    8 Query	SELECT @@version, @@version_comment
2023-09-24T21:12:45.582699Z	    8 Query	SET NAMES 'utf8mb4' COLLATE 'utf8mb4_general_ci'
2023-09-24T21:12:45.583064Z	    8 Query	SET lc_messages = 'en_US'
2023-09-24T21:12:45.591165Z	    9 Connect	root@localhost on  using TCP/IP
2023-09-24T21:12:45.597294Z	    9 Quit	
2023-09-24T21:12:45.597428Z	    8 Quit	
2023-09-24T21:12:45.658434Z	   10 Connect	root@localhost on  using TCP/IP
2023-09-24T21:12:45.658607Z	   10 Query	SELECT @@version, @@version_comment
2023-09-24T21:12:45.660409Z	   10 Query	SET NAMES 'utf8mb4' COLLATE 'utf8mb4_general_ci'
2023-09-24T21:12:45.660515Z	   10 Query	SET lc_messages = 'en_US'
2023-09-24T21:12:45.662883Z	   11 Connect	root@localhost on  using TCP/IP
2023-09-24T21:12:45.666637Z	   11 Query	SHOW TABLES FROM `phpmyadmin`
2023-09-24T21:12:45.667261Z	   11 Query	SHOW TABLES FROM `users_data`
2023-09-24T21:12:45.706714Z	   10 Query	SET collation_connection = 'utf8mb4_unicode_ci'
2023-09-24T21:12:45.707416Z	   11 Query	SHOW TABLES FROM `phpmyadmin`
2023-09-24T21:12:45.707676Z	   11 Query	SHOW TABLES FROM `users_data`
2023-09-24T21:12:45.723692Z	   10 Init DB	users_data
2023-09-24T21:12:45.723907Z	   10 Query	SHOW TABLES FROM `users_data`
2023-09-24T21:12:45.726544Z	   10 Query	SELECT @@lower_case_table_names
2023-09-24T21:12:45.726879Z	   10 Query	SELECT *, `TABLE_SCHEMA`       AS `Db`, `TABLE_NAME`         AS `Name`, `TABLE_TYPE`         AS `TABLE_TYPE`, `ENGINE`             AS `Engine`, `ENGINE`             AS `Type`, `VERSION`            AS `Version`, `ROW_FORMAT`         AS `Row_format`, `TABLE_ROWS`         AS `Rows`, `AVG_ROW_LENGTH`     AS `Avg_row_length`, `DATA_LENGTH`        AS `Data_length`, `MAX_DATA_LENGTH`    AS `Max_data_length`, `INDEX_LENGTH`       AS `Index_length`, `DATA_FREE`          AS `Data_free`, `AUTO_INCREMENT`     AS `Auto_increment`, `CREATE_TIME`        AS `Create_time`, `UPDATE_TIME`        AS `Update_time`, `CHECK_TIME`         AS `Check_time`, `TABLE_COLLATION`    AS `Collation`, `CHECKSUM`           AS `Checksum`, `CREATE_OPTIONS`     AS `Create_options`, `TABLE_COMMENT`      AS `Comment` FROM `information_schema`.`TABLES` t WHERE `TABLE_SCHEMA` COLLATE utf8_general_ci IN ('users_data')  ORDER BY Name ASC LIMIT 250 OFFSET 0
2023-09-24T21:12:45.733367Z	   10 Query	SHOW MASTER STATUS
2023-09-24T21:12:45.733815Z	   10 Query	SHOW SLAVE STATUS
2023-09-24T21:12:45.766178Z	   10 Query	SELECT COUNT(*) FROM `users_data`.`registrated_users`
2023-09-24T21:12:45.772970Z	   10 Query	SELECT `COLLATION_NAME` AS `Collation`, `CHARACTER_SET_NAME` AS `Charset`, `ID` AS `Id`, `IS_DEFAULT` AS `Default`, `IS_COMPILED` AS `Compiled`, `SORTLEN` AS `Sortlen` FROM `information_schema`.`COLLATIONS`
2023-09-24T21:12:45.783959Z	   10 Query	SELECT COUNT(*) FROM `users_data`.`users`
2023-09-24T21:12:45.786249Z	   10 Query	SELECT DEFAULT_COLLATION_NAME FROM information_schema.SCHEMATA WHERE SCHEMA_NAME = 'users_data' LIMIT 1
2023-09-24T21:12:45.796432Z	   10 Query	SELECT @@default_storage_engine
2023-09-24T21:12:45.799852Z	   10 Query	SELECT CURRENT_USER()
2023-09-24T21:12:45.800000Z	   10 Query	SHOW GRANTS
2023-09-24T21:12:45.809670Z	   10 Query	SELECT (COUNT(DB_first_level) DIV 100) * 100 from (  SELECT distinct SUBSTRING_INDEX(SCHEMA_NAME,  '_', 1)  DB_first_level  FROM INFORMATION_SCHEMA.SCHEMATA  WHERE `SCHEMA_NAME` < 'users_data' ) t
2023-09-24T21:12:45.821163Z	   10 Query	SELECT `SCHEMA_NAME` FROM `INFORMATION_SCHEMA`.`SCHEMATA`, (SELECT DB_first_level FROM ( SELECT DISTINCT SUBSTRING_INDEX(SCHEMA_NAME, '_', 1) DB_first_level FROM INFORMATION_SCHEMA.SCHEMATA WHERE TRUE ) t ORDER BY DB_first_level ASC LIMIT 0, 100) t2 WHERE TRUE AND 1 = LOCATE(CONCAT(DB_first_level, '_'), CONCAT(SCHEMA_NAME, '_')) ORDER BY SCHEMA_NAME ASC
2023-09-24T21:12:45.828621Z	   10 Query	SELECT COUNT(*) FROM ( SELECT DISTINCT SUBSTRING_INDEX(SCHEMA_NAME, '_', 1) DB_first_level FROM INFORMATION_SCHEMA.SCHEMATA WHERE TRUE ) t
2023-09-24T21:12:45.832771Z	   10 Query	SELECT COUNT(*) FROM ( SELECT DISTINCT SUBSTRING_INDEX(SCHEMA_NAME, '_', 1) DB_first_level FROM INFORMATION_SCHEMA.SCHEMATA WHERE TRUE ) t
2023-09-24T21:12:45.845922Z	   10 Query	SHOW TABLES FROM `users_data`
2023-09-24T21:12:45.846827Z	   10 Query	SELECT 1 FROM mysql.user LIMIT 1
2023-09-24T21:12:45.847131Z	   10 Query	SELECT 1 FROM (SELECT `GRANTEE`, `IS_GRANTABLE` FROM `INFORMATION_SCHEMA`.`COLUMN_PRIVILEGES` UNION SELECT `GRANTEE`, `IS_GRANTABLE` FROM `INFORMATION_SCHEMA`.`TABLE_PRIVILEGES` UNION SELECT `GRANTEE`, `IS_GRANTABLE` FROM `INFORMATION_SCHEMA`.`SCHEMA_PRIVILEGES` UNION SELECT `GRANTEE`, `IS_GRANTABLE` FROM `INFORMATION_SCHEMA`.`USER_PRIVILEGES`) t WHERE `IS_GRANTABLE` = 'YES' AND '''root''@''%''' LIKE `GRANTEE` LIMIT 1
2023-09-24T21:12:45.848360Z	   10 Query	SELECT 1 FROM `INFORMATION_SCHEMA`.`USER_PRIVILEGES` WHERE `PRIVILEGE_TYPE` = 'CREATE USER' AND '''root''@''%''' LIKE `GRANTEE` LIMIT 1
2023-09-24T21:12:45.848653Z	   10 Query	SELECT `PRIVILEGE_TYPE` FROM `INFORMATION_SCHEMA`.`USER_PRIVILEGES` WHERE GRANTEE='''root''@''%''' AND PRIVILEGE_TYPE='EVENT'
2023-09-24T21:12:45.848881Z	   10 Query	SELECT `PRIVILEGE_TYPE` FROM `INFORMATION_SCHEMA`.`USER_PRIVILEGES` WHERE GRANTEE='''root''@''%''' AND PRIVILEGE_TYPE='TRIGGER'
2023-09-24T21:12:45.870176Z	   11 Quit	
2023-09-24T21:12:45.870377Z	   10 Quit	
2023-09-24T21:12:46.074607Z	   12 Connect	root@localhost on  using TCP/IP
2023-09-24T21:12:46.074781Z	   12 Query	SELECT @@version, @@version_comment
2023-09-24T21:12:46.076682Z	   12 Query	SET NAMES 'utf8mb4' COLLATE 'utf8mb4_general_ci'
2023-09-24T21:12:46.076912Z	   12 Query	SET lc_messages = 'en_US'
2023-09-24T21:12:46.079717Z	   13 Connect	root@localhost on  using TCP/IP
2023-09-24T21:12:46.082369Z	   13 Query	SHOW TABLES FROM `phpmyadmin`
2023-09-24T21:12:46.090165Z	   12 Query	SET collation_connection = 'utf8mb4_unicode_ci'
2023-09-24T21:12:46.090510Z	   13 Query	SHOW TABLES FROM `phpmyadmin`
2023-09-24T21:12:46.094551Z	   12 Query	SELECT CURRENT_USER()
2023-09-24T21:12:46.097694Z	   12 Query	SELECT `SCHEMA_NAME` FROM `INFORMATION_SCHEMA`.`SCHEMATA`, (SELECT DB_first_level FROM ( SELECT DISTINCT SUBSTRING_INDEX(SCHEMA_NAME, '_', 1) DB_first_level FROM INFORMATION_SCHEMA.SCHEMATA WHERE TRUE ) t ORDER BY DB_first_level ASC LIMIT 0, 100) t2 WHERE TRUE AND 1 = LOCATE(CONCAT(DB_first_level, '_'), CONCAT(SCHEMA_NAME, '_')) ORDER BY SCHEMA_NAME ASC
2023-09-24T21:12:46.102634Z	   12 Query	SELECT COUNT(*) FROM ( SELECT DISTINCT SUBSTRING_INDEX(SCHEMA_NAME, '_', 1) DB_first_level FROM INFORMATION_SCHEMA.SCHEMATA WHERE TRUE ) t
2023-09-24T21:12:46.105003Z	   12 Query	SELECT COUNT(*) FROM ( SELECT DISTINCT SUBSTRING_INDEX(SCHEMA_NAME, '_', 1) DB_first_level FROM INFORMATION_SCHEMA.SCHEMATA WHERE TRUE ) t
2023-09-24T21:12:46.109080Z	   12 Query	SELECT 1 FROM mysql.user LIMIT 1
2023-09-24T21:12:46.109890Z	   12 Query	SELECT 1 FROM (SELECT `GRANTEE`, `IS_GRANTABLE` FROM `INFORMATION_SCHEMA`.`COLUMN_PRIVILEGES` UNION SELECT `GRANTEE`, `IS_GRANTABLE` FROM `INFORMATION_SCHEMA`.`TABLE_PRIVILEGES` UNION SELECT `GRANTEE`, `IS_GRANTABLE` FROM `INFORMATION_SCHEMA`.`SCHEMA_PRIVILEGES` UNION SELECT `GRANTEE`, `IS_GRANTABLE` FROM `INFORMATION_SCHEMA`.`USER_PRIVILEGES`) t WHERE `IS_GRANTABLE` = 'YES' AND '''root''@''%''' LIKE `GRANTEE` LIMIT 1
2023-09-24T21:12:46.110494Z	   12 Query	SELECT 1 FROM `INFORMATION_SCHEMA`.`USER_PRIVILEGES` WHERE `PRIVILEGE_TYPE` = 'CREATE USER' AND '''root''@''%''' LIKE `GRANTEE` LIMIT 1
2023-09-24T21:12:46.110729Z	   12 Query	SHOW MASTER LOGS
2023-09-24T21:12:46.112249Z	   13 Quit	
2023-09-24T21:12:46.112415Z	   12 Quit	
2023-09-24T21:12:46.145250Z	   14 Connect	root@localhost on  using TCP/IP
2023-09-24T21:12:46.145399Z	   14 Query	SELECT @@version, @@version_comment
2023-09-24T21:12:46.147434Z	   14 Query	SET NAMES 'utf8mb4' COLLATE 'utf8mb4_general_ci'
2023-09-24T21:12:46.147545Z	   14 Query	SET lc_messages = 'en_US'
2023-09-24T21:12:46.150444Z	   15 Connect	root@localhost on  using TCP/IP
2023-09-24T21:12:46.152723Z	   15 Query	SHOW TABLES FROM `phpmyadmin`
2023-09-24T21:12:46.161258Z	   14 Query	SET collation_connection = 'utf8mb4_unicode_ci'
2023-09-24T21:12:46.161552Z	   15 Query	SHOW TABLES FROM `phpmyadmin`
2023-09-24T21:12:46.171223Z	   14 Query	SELECT 1 FROM mysql.user LIMIT 1
2023-09-24T21:12:46.171711Z	   14 Query	SELECT CURRENT_USER()
2023-09-24T21:12:46.172466Z	   14 Query	SELECT 1 FROM (SELECT `GRANTEE`, `IS_GRANTABLE` FROM `INFORMATION_SCHEMA`.`COLUMN_PRIVILEGES` UNION SELECT `GRANTEE`, `IS_GRANTABLE` FROM `INFORMATION_SCHEMA`.`TABLE_PRIVILEGES` UNION SELECT `GRANTEE`, `IS_GRANTABLE` FROM `INFORMATION_SCHEMA`.`SCHEMA_PRIVILEGES` UNION SELECT `GRANTEE`, `IS_GRANTABLE` FROM `INFORMATION_SCHEMA`.`USER_PRIVILEGES`) t WHERE `IS_GRANTABLE` = 'YES' AND '''root''@''%''' LIKE `GRANTEE` LIMIT 1
2023-09-24T21:12:46.172960Z	   14 Query	SELECT 1 FROM `INFORMATION_SCHEMA`.`USER_PRIVILEGES` WHERE `PRIVILEGE_TYPE` = 'CREATE USER' AND '''root''@''%''' LIKE `GRANTEE` LIMIT 1
2023-09-24T21:12:46.174646Z	   15 Quit	
2023-09-24T21:12:46.174749Z	   14 Quit	
2023-09-24T21:12:46.206455Z	   16 Connect	root@localhost on  using TCP/IP
2023-09-24T21:12:46.206636Z	   16 Query	SELECT @@version, @@version_comment
2023-09-24T21:12:46.208758Z	   16 Query	SET NAMES 'utf8mb4' COLLATE 'utf8mb4_general_ci'
2023-09-24T21:12:46.208887Z	   16 Query	SET lc_messages = 'en_US'
2023-09-24T21:12:46.211803Z	   17 Connect	root@localhost on  using TCP/IP
2023-09-24T21:12:46.214078Z	   17 Query	SHOW TABLES FROM `phpmyadmin`
2023-09-24T21:12:46.222519Z	   16 Query	SET collation_connection = 'utf8mb4_unicode_ci'
2023-09-24T21:12:46.222909Z	   17 Query	SHOW TABLES FROM `phpmyadmin`
2023-09-24T21:12:46.231513Z	   16 Query	SELECT 1 FROM mysql.user LIMIT 1
2023-09-24T21:12:46.231772Z	   16 Query	SELECT CURRENT_USER()
2023-09-24T21:12:46.232342Z	   16 Query	SELECT 1 FROM (SELECT `GRANTEE`, `IS_GRANTABLE` FROM `INFORMATION_SCHEMA`.`COLUMN_PRIVILEGES` UNION SELECT `GRANTEE`, `IS_GRANTABLE` FROM `INFORMATION_SCHEMA`.`TABLE_PRIVILEGES` UNION SELECT `GRANTEE`, `IS_GRANTABLE` FROM `INFORMATION_SCHEMA`.`SCHEMA_PRIVILEGES` UNION SELECT `GRANTEE`, `IS_GRANTABLE` FROM `INFORMATION_SCHEMA`.`USER_PRIVILEGES`) t WHERE `IS_GRANTABLE` = 'YES' AND '''root''@''%''' LIKE `GRANTEE` LIMIT 1
2023-09-24T21:12:46.232805Z	   16 Query	SELECT 1 FROM `INFORMATION_SCHEMA`.`USER_PRIVILEGES` WHERE `PRIVILEGE_TYPE` = 'CREATE USER' AND '''root''@''%''' LIKE `GRANTEE` LIMIT 1
2023-09-24T21:12:46.234427Z	   17 Quit	
2023-09-24T21:12:46.234516Z	   16 Quit	
2023-09-24T21:12:46.253035Z	   18 Connect	root@localhost on  using TCP/IP
2023-09-24T21:12:46.253197Z	   18 Query	SELECT @@version, @@version_comment
2023-09-24T21:12:46.255089Z	   18 Query	SET NAMES 'utf8mb4' COLLATE 'utf8mb4_general_ci'
2023-09-24T21:12:46.255237Z	   18 Query	SET lc_messages = 'en_US'
2023-09-24T21:12:46.257873Z	   19 Connect	root@localhost on  using TCP/IP
2023-09-24T21:12:46.259912Z	   19 Query	SHOW TABLES FROM `phpmyadmin`
2023-09-24T21:12:46.266203Z	   18 Query	SET collation_connection = 'utf8mb4_unicode_ci'
2023-09-24T21:12:46.266397Z	   19 Query	SHOW TABLES FROM `phpmyadmin`
2023-09-24T21:12:46.269918Z	   18 Query	SELECT CURRENT_USER()
2023-09-24T21:12:46.272223Z	   18 Query	SELECT `SCHEMA_NAME` FROM `INFORMATION_SCHEMA`.`SCHEMATA`, (SELECT DB_first_level FROM ( SELECT DISTINCT SUBSTRING_INDEX(SCHEMA_NAME, '_', 1) DB_first_level FROM INFORMATION_SCHEMA.SCHEMATA WHERE TRUE ) t ORDER BY DB_first_level ASC LIMIT 0, 100) t2 WHERE TRUE AND 1 = LOCATE(CONCAT(DB_first_level, '_'), CONCAT(SCHEMA_NAME, '_')) ORDER BY SCHEMA_NAME ASC
2023-09-24T21:12:46.274887Z	   18 Query	SELECT COUNT(*) FROM `INFORMATION_SCHEMA`.`TABLES` WHERE `TABLE_SCHEMA`='users_data' AND `TABLE_TYPE` IN('BASE TABLE', 'SYSTEM VERSIONED')
2023-09-24T21:12:46.279029Z	   18 Query	SELECT COUNT(*) FROM `INFORMATION_SCHEMA`.`TABLES` WHERE `TABLE_SCHEMA`='users_data' AND `TABLE_TYPE` NOT IN('BASE TABLE', 'SYSTEM VERSIONED')
2023-09-24T21:12:46.279704Z	   18 Query	SELECT @@lower_case_table_names
2023-09-24T21:12:46.279844Z	   18 Query	SELECT COUNT(*) FROM `INFORMATION_SCHEMA`.`ROUTINES` WHERE `ROUTINE_SCHEMA` COLLATE utf8_general_ci='users_data' AND `ROUTINE_TYPE`='FUNCTION'
2023-09-24T21:12:46.285534Z	   18 Query	SELECT COUNT(*) FROM `INFORMATION_SCHEMA`.`ROUTINES` WHERE `ROUTINE_SCHEMA` COLLATE utf8_general_ci='users_data'AND `ROUTINE_TYPE`='PROCEDURE'
2023-09-24T21:12:46.286198Z	   18 Query	SELECT COUNT(*) FROM `INFORMATION_SCHEMA`.`EVENTS` WHERE `EVENT_SCHEMA` COLLATE utf8_general_ci='users_data'
2023-09-24T21:12:46.287662Z	   18 Query	SELECT `TABLE_NAME` AS `name` FROM `INFORMATION_SCHEMA`.`TABLES` WHERE `TABLE_SCHEMA`='users_data' AND `TABLE_TYPE` IN('BASE TABLE', 'SYSTEM VERSIONED') ORDER BY `TABLE_NAME` ASC LIMIT 0, 50
2023-09-24T21:12:46.290060Z	   18 Query	SELECT COUNT(*) FROM `INFORMATION_SCHEMA`.`TABLES` WHERE `TABLE_SCHEMA`='users_data' AND `TABLE_TYPE` IN('BASE TABLE', 'SYSTEM VERSIONED')
2023-09-24T21:12:46.292910Z	   18 Query	SELECT COUNT(*) FROM `INFORMATION_SCHEMA`.`TABLES` WHERE `TABLE_SCHEMA`='users_data' AND `TABLE_TYPE` IN('BASE TABLE', 'SYSTEM VERSIONED')
2023-09-24T21:12:46.299488Z	   18 Query	SELECT 1 FROM mysql.user LIMIT 1
2023-09-24T21:12:46.300255Z	   18 Query	SELECT 1 FROM (SELECT `GRANTEE`, `IS_GRANTABLE` FROM `INFORMATION_SCHEMA`.`COLUMN_PRIVILEGES` UNION SELECT `GRANTEE`, `IS_GRANTABLE` FROM `INFORMATION_SCHEMA`.`TABLE_PRIVILEGES` UNION SELECT `GRANTEE`, `IS_GRANTABLE` FROM `INFORMATION_SCHEMA`.`SCHEMA_PRIVILEGES` UNION SELECT `GRANTEE`, `IS_GRANTABLE` FROM `INFORMATION_SCHEMA`.`USER_PRIVILEGES`) t WHERE `IS_GRANTABLE` = 'YES' AND '''root''@''%''' LIKE `GRANTEE` LIMIT 1
2023-09-24T21:12:46.300717Z	   18 Query	SELECT 1 FROM `INFORMATION_SCHEMA`.`USER_PRIVILEGES` WHERE `PRIVILEGE_TYPE` = 'CREATE USER' AND '''root''@''%''' LIKE `GRANTEE` LIMIT 1
2023-09-24T21:12:46.301943Z	   19 Quit	
2023-09-24T21:12:46.302101Z	   18 Quit	
2023-09-24T21:12:46.321719Z	   20 Connect	root@localhost on  using TCP/IP
2023-09-24T21:12:46.321876Z	   20 Query	SELECT @@version, @@version_comment
2023-09-24T21:12:46.323822Z	   20 Query	SET NAMES 'utf8mb4' COLLATE 'utf8mb4_general_ci'
2023-09-24T21:12:46.324021Z	   20 Query	SET lc_messages = 'en_US'
2023-09-24T21:12:46.326764Z	   21 Connect	root@localhost on  using TCP/IP
2023-09-24T21:12:46.328872Z	   21 Query	SHOW TABLES FROM `phpmyadmin`
2023-09-24T21:12:46.335186Z	   20 Query	SET collation_connection = 'utf8mb4_unicode_ci'
2023-09-24T21:12:46.335380Z	   21 Query	SHOW TABLES FROM `phpmyadmin`
2023-09-24T21:12:46.342245Z	   20 Query	SELECT 1 FROM mysql.user LIMIT 1
2023-09-24T21:12:46.342688Z	   20 Query	SELECT CURRENT_USER()
2023-09-24T21:12:46.343479Z	   20 Query	SELECT 1 FROM (SELECT `GRANTEE`, `IS_GRANTABLE` FROM `INFORMATION_SCHEMA`.`COLUMN_PRIVILEGES` UNION SELECT `GRANTEE`, `IS_GRANTABLE` FROM `INFORMATION_SCHEMA`.`TABLE_PRIVILEGES` UNION SELECT `GRANTEE`, `IS_GRANTABLE` FROM `INFORMATION_SCHEMA`.`SCHEMA_PRIVILEGES` UNION SELECT `GRANTEE`, `IS_GRANTABLE` FROM `INFORMATION_SCHEMA`.`USER_PRIVILEGES`) t WHERE `IS_GRANTABLE` = 'YES' AND '''root''@''%''' LIKE `GRANTEE` LIMIT 1
2023-09-24T21:12:46.344058Z	   20 Query	SELECT 1 FROM `INFORMATION_SCHEMA`.`USER_PRIVILEGES` WHERE `PRIVILEGE_TYPE` = 'CREATE USER' AND '''root''@''%''' LIKE `GRANTEE` LIMIT 1
2023-09-24T21:12:46.345842Z	   21 Quit	
2023-09-24T21:12:46.346034Z	   20 Quit	
2023-09-24T21:12:52.472376Z	   22 Connect	root@localhost on  using TCP/IP
2023-09-24T21:12:52.472601Z	   22 Query	SELECT @@version, @@version_comment
2023-09-24T21:12:52.474367Z	   22 Query	SET NAMES 'utf8mb4' COLLATE 'utf8mb4_general_ci'
2023-09-24T21:12:52.474493Z	   22 Query	SET lc_messages = 'en_US'
2023-09-24T21:12:52.476868Z	   23 Connect	root@localhost on  using TCP/IP
2023-09-24T21:12:52.478924Z	   23 Query	SHOW TABLES FROM `phpmyadmin`
2023-09-24T21:12:52.479249Z	   23 Query	SHOW TABLES FROM `information_schema`
2023-09-24T21:12:52.489769Z	   22 Query	SET collation_connection = 'utf8mb4_unicode_ci'
2023-09-24T21:12:52.490030Z	   23 Query	SHOW TABLES FROM `phpmyadmin`
2023-09-24T21:12:52.490267Z	   23 Query	SHOW TABLES FROM `information_schema`
2023-09-24T21:12:52.497617Z	   22 Init DB	information_schema
2023-09-24T21:12:52.497789Z	   22 Query	SHOW TABLES FROM `information_schema`
2023-09-24T21:12:52.500233Z	   22 Query	SELECT @@lower_case_table_names
2023-09-24T21:12:52.500400Z	   22 Query	SELECT *, `TABLE_SCHEMA`       AS `Db`, `TABLE_NAME`         AS `Name`, `TABLE_TYPE`         AS `TABLE_TYPE`, `ENGINE`             AS `Engine`, `ENGINE`             AS `Type`, `VERSION`            AS `Version`, `ROW_FORMAT`         AS `Row_format`, `TABLE_ROWS`         AS `Rows`, `AVG_ROW_LENGTH`     AS `Avg_row_length`, `DATA_LENGTH`        AS `Data_length`, `MAX_DATA_LENGTH`    AS `Max_data_length`, `INDEX_LENGTH`       AS `Index_length`, `DATA_FREE`          AS `Data_free`, `AUTO_INCREMENT`     AS `Auto_increment`, `CREATE_TIME`        AS `Create_time`, `UPDATE_TIME`        AS `Update_time`, `CHECK_TIME`         AS `Check_time`, `TABLE_COLLATION`    AS `Collation`, `CHECKSUM`           AS `Checksum`, `CREATE_OPTIONS`     AS `Create_options`, `TABLE_COMMENT`      AS `Comment` FROM `information_schema`.`TABLES` t WHERE `TABLE_SCHEMA` COLLATE utf8_general_ci IN ('information_schema')  ORDER BY Name ASC LIMIT 250 OFFSET 0
2023-09-24T21:12:52.506205Z	   22 Query	SHOW MASTER STATUS
2023-09-24T21:12:52.506358Z	   22 Query	SHOW SLAVE STATUS
2023-09-24T21:12:52.531740Z	   22 Query	SELECT `COLLATION_NAME` AS `Collation`, `CHARACTER_SET_NAME` AS `Charset`, `ID` AS `Id`, `IS_DEFAULT` AS `Default`, `IS_COMPILED` AS `Compiled`, `SORTLEN` AS `Sortlen` FROM `information_schema`.`COLLATIONS`
2023-09-24T21:12:52.548793Z	   22 Query	SELECT @@default_storage_engine
2023-09-24T21:12:52.552332Z	   22 Query	SHOW TABLES FROM `information_schema`
2023-09-24T21:12:52.553948Z	   22 Query	SELECT 1 FROM mysql.user LIMIT 1
2023-09-24T21:12:52.554224Z	   22 Query	SELECT CURRENT_USER()
2023-09-24T21:12:52.554383Z	   22 Query	SELECT 1 FROM (SELECT `GRANTEE`, `IS_GRANTABLE` FROM `INFORMATION_SCHEMA`.`COLUMN_PRIVILEGES` UNION SELECT `GRANTEE`, `IS_GRANTABLE` FROM `INFORMATION_SCHEMA`.`TABLE_PRIVILEGES` UNION SELECT `GRANTEE`, `IS_GRANTABLE` FROM `INFORMATION_SCHEMA`.`SCHEMA_PRIVILEGES` UNION SELECT `GRANTEE`, `IS_GRANTABLE` FROM `INFORMATION_SCHEMA`.`USER_PRIVILEGES`) t WHERE `IS_GRANTABLE` = 'YES' AND '''root''@''%''' LIKE `GRANTEE` LIMIT 1
2023-09-24T21:12:52.554798Z	   22 Query	SELECT 1 FROM `INFORMATION_SCHEMA`.`USER_PRIVILEGES` WHERE `PRIVILEGE_TYPE` = 'CREATE USER' AND '''root''@''%''' LIKE `GRANTEE` LIMIT 1
2023-09-24T21:12:52.559933Z	   23 Quit	
2023-09-24T21:12:52.560034Z	   22 Quit	
2023-09-24T21:12:52.662476Z	   24 Connect	root@localhost on  using TCP/IP
2023-09-24T21:12:52.662623Z	   24 Query	SELECT @@version, @@version_comment
2023-09-24T21:12:52.664340Z	   24 Query	SET NAMES 'utf8mb4' COLLATE 'utf8mb4_general_ci'
2023-09-24T21:12:52.664455Z	   24 Query	SET lc_messages = 'en_US'
2023-09-24T21:12:52.666832Z	   25 Connect	root@localhost on  using TCP/IP
2023-09-24T21:12:52.668883Z	   25 Query	SHOW TABLES FROM `phpmyadmin`
2023-09-24T21:12:52.675293Z	   24 Query	SET collation_connection = 'utf8mb4_unicode_ci'
2023-09-24T21:12:52.675556Z	   25 Query	SHOW TABLES FROM `phpmyadmin`
2023-09-24T21:12:52.679340Z	   24 Query	SELECT CURRENT_USER()
2023-09-24T21:12:52.681216Z	   24 Query	SELECT `SCHEMA_NAME` FROM `INFORMATION_SCHEMA`.`SCHEMATA`, (SELECT DB_first_level FROM ( SELECT DISTINCT SUBSTRING_INDEX(SCHEMA_NAME, '_', 1) DB_first_level FROM INFORMATION_SCHEMA.SCHEMATA WHERE TRUE ) t ORDER BY DB_first_level ASC LIMIT 0, 100) t2 WHERE TRUE AND 1 = LOCATE(CONCAT(DB_first_level, '_'), CONCAT(SCHEMA_NAME, '_')) ORDER BY SCHEMA_NAME ASC
2023-09-24T21:12:52.683402Z	   24 Query	SELECT COUNT(*) FROM `INFORMATION_SCHEMA`.`TABLES` WHERE `TABLE_SCHEMA`='information_schema' AND `TABLE_TYPE` IN('BASE TABLE', 'SYSTEM VERSIONED')
2023-09-24T21:12:52.685786Z	   24 Query	SELECT COUNT(*) FROM `INFORMATION_SCHEMA`.`TABLES` WHERE `TABLE_SCHEMA`='information_schema' AND `TABLE_TYPE` NOT IN('BASE TABLE', 'SYSTEM VERSIONED')
2023-09-24T21:12:52.692107Z	   24 Query	SELECT @@lower_case_table_names
2023-09-24T21:12:52.692306Z	   24 Query	SELECT COUNT(*) FROM `INFORMATION_SCHEMA`.`ROUTINES` WHERE `ROUTINE_SCHEMA` COLLATE utf8_general_ci='information_schema' AND `ROUTINE_TYPE`='FUNCTION'
2023-09-24T21:12:52.693344Z	   24 Query	SELECT COUNT(*) FROM `INFORMATION_SCHEMA`.`ROUTINES` WHERE `ROUTINE_SCHEMA` COLLATE utf8_general_ci='information_schema'AND `ROUTINE_TYPE`='PROCEDURE'
2023-09-24T21:12:52.694092Z	   24 Query	SELECT COUNT(*) FROM `INFORMATION_SCHEMA`.`EVENTS` WHERE `EVENT_SCHEMA` COLLATE utf8_general_ci='information_schema'
2023-09-24T21:12:52.694749Z	   24 Query	SELECT `TABLE_NAME` AS `name` FROM `INFORMATION_SCHEMA`.`TABLES` WHERE `TABLE_SCHEMA`='information_schema' AND `TABLE_TYPE` NOT IN('BASE TABLE', 'SYSTEM VERSIONED') ORDER BY `TABLE_NAME` ASC LIMIT 0, 50
2023-09-24T21:12:52.700426Z	   24 Query	SELECT COUNT(*) FROM `INFORMATION_SCHEMA`.`TABLES` WHERE `TABLE_SCHEMA`='information_schema' AND `TABLE_TYPE` NOT IN('BASE TABLE', 'SYSTEM VERSIONED')
2023-09-24T21:12:52.704270Z	   24 Query	SELECT COUNT(*) FROM `INFORMATION_SCHEMA`.`TABLES` WHERE `TABLE_SCHEMA`='information_schema' AND `TABLE_TYPE` NOT IN('BASE TABLE', 'SYSTEM VERSIONED')
2023-09-24T21:12:52.715604Z	   24 Query	SELECT 1 FROM mysql.user LIMIT 1
2023-09-24T21:12:52.716530Z	   24 Query	SELECT 1 FROM (SELECT `GRANTEE`, `IS_GRANTABLE` FROM `INFORMATION_SCHEMA`.`COLUMN_PRIVILEGES` UNION SELECT `GRANTEE`, `IS_GRANTABLE` FROM `INFORMATION_SCHEMA`.`TABLE_PRIVILEGES` UNION SELECT `GRANTEE`, `IS_GRANTABLE` FROM `INFORMATION_SCHEMA`.`SCHEMA_PRIVILEGES` UNION SELECT `GRANTEE`, `IS_GRANTABLE` FROM `INFORMATION_SCHEMA`.`USER_PRIVILEGES`) t WHERE `IS_GRANTABLE` = 'YES' AND '''root''@''%''' LIKE `GRANTEE` LIMIT 1
2023-09-24T21:12:52.717191Z	   24 Query	SELECT 1 FROM `INFORMATION_SCHEMA`.`USER_PRIVILEGES` WHERE `PRIVILEGE_TYPE` = 'CREATE USER' AND '''root''@''%''' LIKE `GRANTEE` LIMIT 1
2023-09-24T21:12:52.719495Z	   25 Quit	
2023-09-24T21:12:52.719640Z	   24 Quit	
2023-09-24T21:12:54.198994Z	   26 Connect	root@localhost on  using TCP/IP
2023-09-24T21:12:54.199163Z	   26 Query	SELECT @@version, @@version_comment
2023-09-24T21:12:54.200994Z	   26 Query	SET NAMES 'utf8mb4' COLLATE 'utf8mb4_general_ci'
2023-09-24T21:12:54.201106Z	   26 Query	SET lc_messages = 'en_US'
2023-09-24T21:12:54.203404Z	   27 Connect	root@localhost on  using TCP/IP
2023-09-24T21:12:54.205435Z	   27 Query	SHOW TABLES FROM `phpmyadmin`
2023-09-24T21:12:54.205671Z	   27 Query	SHOW TABLES FROM `information_schema`
2023-09-24T21:12:54.213229Z	   26 Query	SET collation_connection = 'utf8mb4_unicode_ci'
2023-09-24T21:12:54.213442Z	   27 Query	SHOW TABLES FROM `phpmyadmin`
2023-09-24T21:12:54.213690Z	   27 Query	SHOW TABLES FROM `information_schema`
2023-09-24T21:12:54.219527Z	   26 Init DB	information_schema
2023-09-24T21:12:54.219749Z	   26 Query	SHOW TABLES FROM `information_schema`
2023-09-24T21:12:54.221764Z	   26 Query	SELECT @@lower_case_table_names
2023-09-24T21:12:54.221952Z	   26 Query	SELECT *, `TABLE_SCHEMA`       AS `Db`, `TABLE_NAME`         AS `Name`, `TABLE_TYPE`         AS `TABLE_TYPE`, `ENGINE`             AS `Engine`, `ENGINE`             AS `Type`, `VERSION`            AS `Version`, `ROW_FORMAT`         AS `Row_format`, `TABLE_ROWS`         AS `Rows`, `AVG_ROW_LENGTH`     AS `Avg_row_length`, `DATA_LENGTH`        AS `Data_length`, `MAX_DATA_LENGTH`    AS `Max_data_length`, `INDEX_LENGTH`       AS `Index_length`, `DATA_FREE`          AS `Data_free`, `AUTO_INCREMENT`     AS `Auto_increment`, `CREATE_TIME`        AS `Create_time`, `UPDATE_TIME`        AS `Update_time`, `CHECK_TIME`         AS `Check_time`, `TABLE_COLLATION`    AS `Collation`, `CHECKSUM`           AS `Checksum`, `CREATE_OPTIONS`     AS `Create_options`, `TABLE_COMMENT`      AS `Comment` FROM `information_schema`.`TABLES` t WHERE `TABLE_SCHEMA` COLLATE utf8_general_ci IN ('information_schema')  ORDER BY Name ASC LIMIT 250 OFFSET 0
2023-09-24T21:12:54.227730Z	   26 Query	SHOW MASTER STATUS
2023-09-24T21:12:54.227876Z	   26 Query	SHOW SLAVE STATUS
2023-09-24T21:12:54.251386Z	   26 Query	SELECT `COLLATION_NAME` AS `Collation`, `CHARACTER_SET_NAME` AS `Charset`, `ID` AS `Id`, `IS_DEFAULT` AS `Default`, `IS_COMPILED` AS `Compiled`, `SORTLEN` AS `Sortlen` FROM `information_schema`.`COLLATIONS`
2023-09-24T21:12:54.264733Z	   26 Query	SELECT @@default_storage_engine
2023-09-24T21:12:54.267476Z	   26 Query	SHOW TABLES FROM `information_schema`
2023-09-24T21:12:54.269050Z	   26 Query	SELECT 1 FROM mysql.user LIMIT 1
2023-09-24T21:12:54.269222Z	   26 Query	SELECT CURRENT_USER()
2023-09-24T21:12:54.269385Z	   26 Query	SELECT 1 FROM (SELECT `GRANTEE`, `IS_GRANTABLE` FROM `INFORMATION_SCHEMA`.`COLUMN_PRIVILEGES` UNION SELECT `GRANTEE`, `IS_GRANTABLE` FROM `INFORMATION_SCHEMA`.`TABLE_PRIVILEGES` UNION SELECT `GRANTEE`, `IS_GRANTABLE` FROM `INFORMATION_SCHEMA`.`SCHEMA_PRIVILEGES` UNION SELECT `GRANTEE`, `IS_GRANTABLE` FROM `INFORMATION_SCHEMA`.`USER_PRIVILEGES`) t WHERE `IS_GRANTABLE` = 'YES' AND '''root''@''%''' LIKE `GRANTEE` LIMIT 1
2023-09-24T21:12:54.269832Z	   26 Query	SELECT 1 FROM `INFORMATION_SCHEMA`.`USER_PRIVILEGES` WHERE `PRIVILEGE_TYPE` = 'CREATE USER' AND '''root''@''%''' LIKE `GRANTEE` LIMIT 1
2023-09-24T21:12:54.275112Z	   27 Quit	
2023-09-24T21:12:54.275205Z	   26 Quit	
2023-09-24T21:13:00.914157Z	   28 Connect	root@localhost on  using TCP/IP
2023-09-24T21:13:00.914312Z	   28 Query	SELECT @@version, @@version_comment
2023-09-24T21:13:00.916177Z	   28 Query	SET NAMES 'utf8mb4' COLLATE 'utf8mb4_general_ci'
2023-09-24T21:13:00.916294Z	   28 Query	SET lc_messages = 'en_US'
2023-09-24T21:13:00.918631Z	   29 Connect	root@localhost on  using TCP/IP
2023-09-24T21:13:00.920662Z	   29 Query	SHOW TABLES FROM `phpmyadmin`
2023-09-24T21:13:00.927100Z	   28 Query	SET collation_connection = 'utf8mb4_unicode_ci'
2023-09-24T21:13:00.927333Z	   29 Query	SHOW TABLES FROM `phpmyadmin`
2023-09-24T21:13:00.935891Z	   28 Query	SELECT CURRENT_USER()
2023-09-24T21:13:00.936133Z	   28 Query	SELECT 1 FROM mysql.user LIMIT 1
2023-09-24T21:13:00.936373Z	   28 Init DB	mysql
2023-09-24T21:13:00.936675Z	   28 Query	SHOW MASTER STATUS
2023-09-24T21:13:00.936794Z	   28 Query	SHOW SLAVE STATUS
2023-09-24T21:13:00.942122Z	   28 Query	SELECT *, CAST(BIN_NAME AS CHAR CHARACTER SET utf8) AS SCHEMA_NAME FROM (SELECT BINARY s.SCHEMA_NAME AS BIN_NAME, s.DEFAULT_COLLATION_NAME FROM `information_schema`.SCHEMATA s  GROUP BY BINARY s.SCHEMA_NAME, s.DEFAULT_COLLATION_NAME ORDER BY BINARY `SCHEMA_NAME` ASC) a
2023-09-24T21:13:00.950810Z	   28 Query	SELECT `SCHEMA_NAME` FROM `INFORMATION_SCHEMA`.`SCHEMATA`
2023-09-24T21:13:00.951670Z	   28 Query	SELECT `COLLATION_NAME` AS `Collation`, `CHARACTER_SET_NAME` AS `Charset`, `ID` AS `Id`, `IS_DEFAULT` AS `Default`, `IS_COMPILED` AS `Compiled`, `SORTLEN` AS `Sortlen` FROM `information_schema`.`COLLATIONS`
2023-09-24T21:13:00.956358Z	   28 Query	SELECT `CHARACTER_SET_NAME` AS `Charset`, `DEFAULT_COLLATE_NAME` AS `Default collation`, `DESCRIPTION` AS `Description`, `MAXLEN` AS `Maxlen` FROM `information_schema`.`CHARACTER_SETS`
2023-09-24T21:13:00.959397Z	   28 Query	SELECT @@collation_server
2023-09-24T21:13:00.977277Z	   28 Query	SELECT 1 FROM (SELECT `GRANTEE`, `IS_GRANTABLE` FROM `INFORMATION_SCHEMA`.`COLUMN_PRIVILEGES` UNION SELECT `GRANTEE`, `IS_GRANTABLE` FROM `INFORMATION_SCHEMA`.`TABLE_PRIVILEGES` UNION SELECT `GRANTEE`, `IS_GRANTABLE` FROM `INFORMATION_SCHEMA`.`SCHEMA_PRIVILEGES` UNION SELECT `GRANTEE`, `IS_GRANTABLE` FROM `INFORMATION_SCHEMA`.`USER_PRIVILEGES`) t WHERE `IS_GRANTABLE` = 'YES' AND '''root''@''%''' LIKE `GRANTEE` LIMIT 1
2023-09-24T21:13:00.977847Z	   28 Query	SELECT 1 FROM `INFORMATION_SCHEMA`.`USER_PRIVILEGES` WHERE `PRIVILEGE_TYPE` = 'CREATE USER' AND '''root''@''%''' LIKE `GRANTEE` LIMIT 1
2023-09-24T21:13:00.980148Z	   29 Quit	
2023-09-24T21:13:00.980239Z	   28 Quit	
2023-09-24T21:13:23.033410Z	   30 Connect	root@localhost on  using TCP/IP
2023-09-24T21:13:23.033566Z	   30 Query	SELECT @@version, @@version_comment
2023-09-24T21:13:23.035669Z	   30 Query	SET NAMES 'utf8mb4' COLLATE 'utf8mb4_general_ci'
2023-09-24T21:13:23.035785Z	   30 Query	SET lc_messages = 'en_US'
2023-09-24T21:13:23.039059Z	   31 Connect	root@localhost on  using TCP/IP
2023-09-24T21:13:23.041698Z	   31 Query	SHOW TABLES FROM `phpmyadmin`
2023-09-24T21:13:23.049946Z	   30 Query	SET collation_connection = 'utf8mb4_unicode_ci'
2023-09-24T21:13:23.050203Z	   31 Query	SHOW TABLES FROM `phpmyadmin`
2023-09-24T21:13:23.057279Z	   30 Query	SELECT @@lower_case_table_names
2023-09-24T21:13:23.057866Z	   30 Query	SELECT `CHARACTER_SET_NAME` AS `Charset`, `DEFAULT_COLLATE_NAME` AS `Default collation`, `DESCRIPTION` AS `Description`, `MAXLEN` AS `Maxlen` FROM `information_schema`.`CHARACTER_SETS`
2023-09-24T21:13:23.058813Z	   30 Query	SELECT `COLLATION_NAME` AS `Collation`, `CHARACTER_SET_NAME` AS `Charset`, `ID` AS `Id`, `IS_DEFAULT` AS `Default`, `IS_COMPILED` AS `Compiled`, `SORTLEN` AS `Sortlen` FROM `information_schema`.`COLLATIONS`
2023-09-24T21:13:23.063699Z	   30 Query	CREATE DATABASE `basso_ost` DEFAULT CHARSET=utf8mb4 COLLATE utf8mb4_0900_ai_ci
2023-09-24T21:13:23.069424Z	   30 Query	SELECT 1 FROM mysql.user LIMIT 1
2023-09-24T21:13:23.069730Z	   30 Query	SELECT CURRENT_USER()
2023-09-24T21:13:23.070374Z	   30 Query	SELECT 1 FROM (SELECT `GRANTEE`, `IS_GRANTABLE` FROM `INFORMATION_SCHEMA`.`COLUMN_PRIVILEGES` UNION SELECT `GRANTEE`, `IS_GRANTABLE` FROM `INFORMATION_SCHEMA`.`TABLE_PRIVILEGES` UNION SELECT `GRANTEE`, `IS_GRANTABLE` FROM `INFORMATION_SCHEMA`.`SCHEMA_PRIVILEGES` UNION SELECT `GRANTEE`, `IS_GRANTABLE` FROM `INFORMATION_SCHEMA`.`USER_PRIVILEGES`) t WHERE `IS_GRANTABLE` = 'YES' AND '''root''@''%''' LIKE `GRANTEE` LIMIT 1
2023-09-24T21:13:23.070835Z	   30 Query	SELECT 1 FROM `INFORMATION_SCHEMA`.`USER_PRIVILEGES` WHERE `PRIVILEGE_TYPE` = 'CREATE USER' AND '''root''@''%''' LIKE `GRANTEE` LIMIT 1
2023-09-24T21:13:23.073044Z	   31 Quit	
2023-09-24T21:13:23.073149Z	   30 Quit	
2023-09-24T21:13:23.138575Z	   32 Connect	root@localhost on  using TCP/IP
2023-09-24T21:13:23.138736Z	   32 Query	SELECT @@version, @@version_comment
2023-09-24T21:13:23.140401Z	   32 Query	SET NAMES 'utf8mb4' COLLATE 'utf8mb4_general_ci'
2023-09-24T21:13:23.140510Z	   32 Query	SET lc_messages = 'en_US'
2023-09-24T21:13:23.142826Z	   33 Connect	root@localhost on  using TCP/IP
2023-09-24T21:13:23.145068Z	   33 Query	SHOW TABLES FROM `phpmyadmin`
2023-09-24T21:13:23.145337Z	   33 Query	SHOW TABLES FROM `basso_ost`
2023-09-24T21:13:23.152618Z	   32 Query	SET collation_connection = 'utf8mb4_unicode_ci'
2023-09-24T21:13:23.152912Z	   33 Query	SHOW TABLES FROM `phpmyadmin`
2023-09-24T21:13:23.153200Z	   33 Query	SHOW TABLES FROM `basso_ost`
2023-09-24T21:13:23.159603Z	   32 Init DB	basso_ost
2023-09-24T21:13:23.159778Z	   32 Query	SHOW TABLES FROM `basso_ost`
2023-09-24T21:13:23.161099Z	   32 Query	SELECT @@lower_case_table_names
2023-09-24T21:13:23.161253Z	   32 Query	SELECT *, `TABLE_SCHEMA`       AS `Db`, `TABLE_NAME`         AS `Name`, `TABLE_TYPE`         AS `TABLE_TYPE`, `ENGINE`             AS `Engine`, `ENGINE`             AS `Type`, `VERSION`            AS `Version`, `ROW_FORMAT`         AS `Row_format`, `TABLE_ROWS`         AS `Rows`, `AVG_ROW_LENGTH`     AS `Avg_row_length`, `DATA_LENGTH`        AS `Data_length`, `MAX_DATA_LENGTH`    AS `Max_data_length`, `INDEX_LENGTH`       AS `Index_length`, `DATA_FREE`          AS `Data_free`, `AUTO_INCREMENT`     AS `Auto_increment`, `CREATE_TIME`        AS `Create_time`, `UPDATE_TIME`        AS `Update_time`, `CHECK_TIME`         AS `Check_time`, `TABLE_COLLATION`    AS `Collation`, `CHECKSUM`           AS `Checksum`, `CREATE_OPTIONS`     AS `Create_options`, `TABLE_COMMENT`      AS `Comment` FROM `information_schema`.`TABLES` t WHERE `TABLE_SCHEMA` COLLATE utf8_general_ci IN ('basso_ost')  ORDER BY Name ASC LIMIT 250 OFFSET 0
2023-09-24T21:13:23.163990Z	   32 Query	SHOW TABLE STATUS FROM `basso_ost`
2023-09-24T21:13:23.165941Z	   32 Query	SHOW MASTER STATUS
2023-09-24T21:13:23.166066Z	   32 Query	SHOW SLAVE STATUS
2023-09-24T21:13:23.184828Z	   32 Query	SELECT CURRENT_USER()
2023-09-24T21:13:23.196679Z	   32 Query	SHOW TABLES FROM `basso_ost`
2023-09-24T21:13:23.197493Z	   32 Query	SELECT 1 FROM mysql.user LIMIT 1
2023-09-24T21:13:23.197683Z	   32 Query	SELECT 1 FROM (SELECT `GRANTEE`, `IS_GRANTABLE` FROM `INFORMATION_SCHEMA`.`COLUMN_PRIVILEGES` UNION SELECT `GRANTEE`, `IS_GRANTABLE` FROM `INFORMATION_SCHEMA`.`TABLE_PRIVILEGES` UNION SELECT `GRANTEE`, `IS_GRANTABLE` FROM `INFORMATION_SCHEMA`.`SCHEMA_PRIVILEGES` UNION SELECT `GRANTEE`, `IS_GRANTABLE` FROM `INFORMATION_SCHEMA`.`USER_PRIVILEGES`) t WHERE `IS_GRANTABLE` = 'YES' AND '''root''@''%''' LIKE `GRANTEE` LIMIT 1
2023-09-24T21:13:23.198090Z	   32 Query	SELECT 1 FROM `INFORMATION_SCHEMA`.`USER_PRIVILEGES` WHERE `PRIVILEGE_TYPE` = 'CREATE USER' AND '''root''@''%''' LIKE `GRANTEE` LIMIT 1
2023-09-24T21:13:23.198314Z	   32 Query	SELECT `PRIVILEGE_TYPE` FROM `INFORMATION_SCHEMA`.`USER_PRIVILEGES` WHERE GRANTEE='''root''@''%''' AND PRIVILEGE_TYPE='EVENT'
2023-09-24T21:13:23.198527Z	   32 Query	SELECT `PRIVILEGE_TYPE` FROM `INFORMATION_SCHEMA`.`USER_PRIVILEGES` WHERE GRANTEE='''root''@''%''' AND PRIVILEGE_TYPE='TRIGGER'
2023-09-24T21:13:23.200130Z	   33 Quit	
2023-09-24T21:13:23.200295Z	   32 Quit	
2023-09-24T21:13:23.237758Z	   34 Connect	root@localhost on  using TCP/IP
2023-09-24T21:13:23.237912Z	   34 Query	SELECT @@version, @@version_comment
2023-09-24T21:13:23.240356Z	   34 Query	SET NAMES 'utf8mb4' COLLATE 'utf8mb4_general_ci'
2023-09-24T21:13:23.240477Z	   34 Query	SET lc_messages = 'en_US'
2023-09-24T21:13:23.243626Z	   35 Connect	root@localhost on  using TCP/IP
2023-09-24T21:13:23.246131Z	   35 Query	SHOW TABLES FROM `phpmyadmin`
2023-09-24T21:13:23.255050Z	   34 Query	SET collation_connection = 'utf8mb4_unicode_ci'
2023-09-24T21:13:23.255368Z	   35 Query	SHOW TABLES FROM `phpmyadmin`
2023-09-24T21:13:23.260118Z	   34 Query	SELECT CURRENT_USER()
2023-09-24T21:13:23.262469Z	   34 Query	SELECT `SCHEMA_NAME` FROM `INFORMATION_SCHEMA`.`SCHEMATA`, (SELECT DB_first_level FROM ( SELECT DISTINCT SUBSTRING_INDEX(SCHEMA_NAME, '_', 1) DB_first_level FROM INFORMATION_SCHEMA.SCHEMATA WHERE TRUE ) t ORDER BY DB_first_level ASC LIMIT 0, 100) t2 WHERE TRUE AND 1 = LOCATE(CONCAT(DB_first_level, '_'), CONCAT(SCHEMA_NAME, '_')) ORDER BY SCHEMA_NAME ASC
2023-09-24T21:13:23.264207Z	   34 Query	SELECT COUNT(*) FROM `INFORMATION_SCHEMA`.`TABLES` WHERE `TABLE_SCHEMA`='users_data' AND `TABLE_TYPE` IN('BASE TABLE', 'SYSTEM VERSIONED')
2023-09-24T21:13:23.265472Z	   34 Query	SELECT COUNT(*) FROM `INFORMATION_SCHEMA`.`TABLES` WHERE `TABLE_SCHEMA`='users_data' AND `TABLE_TYPE` NOT IN('BASE TABLE', 'SYSTEM VERSIONED')
2023-09-24T21:13:23.266015Z	   34 Query	SELECT @@lower_case_table_names
2023-09-24T21:13:23.266146Z	   34 Query	SELECT COUNT(*) FROM `INFORMATION_SCHEMA`.`ROUTINES` WHERE `ROUTINE_SCHEMA` COLLATE utf8_general_ci='users_data' AND `ROUTINE_TYPE`='FUNCTION'
2023-09-24T21:13:23.266812Z	   34 Query	SELECT COUNT(*) FROM `INFORMATION_SCHEMA`.`ROUTINES` WHERE `ROUTINE_SCHEMA` COLLATE utf8_general_ci='users_data'AND `ROUTINE_TYPE`='PROCEDURE'
2023-09-24T21:13:23.267439Z	   34 Query	SELECT COUNT(*) FROM `INFORMATION_SCHEMA`.`EVENTS` WHERE `EVENT_SCHEMA` COLLATE utf8_general_ci='users_data'
2023-09-24T21:13:23.267830Z	   34 Query	SELECT `TABLE_NAME` AS `name` FROM `INFORMATION_SCHEMA`.`TABLES` WHERE `TABLE_SCHEMA`='users_data' AND `TABLE_TYPE` IN('BASE TABLE', 'SYSTEM VERSIONED') ORDER BY `TABLE_NAME` ASC LIMIT 0, 50
2023-09-24T21:13:23.274415Z	   34 Query	SELECT COUNT(*) FROM ( SELECT DISTINCT SUBSTRING_INDEX(SCHEMA_NAME, '_', 1) DB_first_level FROM INFORMATION_SCHEMA.SCHEMATA WHERE TRUE ) t
2023-09-24T21:13:23.278133Z	   34 Query	SELECT COUNT(*) FROM ( SELECT DISTINCT SUBSTRING_INDEX(SCHEMA_NAME, '_', 1) DB_first_level FROM INFORMATION_SCHEMA.SCHEMATA WHERE TRUE ) t
2023-09-24T21:13:23.281368Z	   34 Query	SELECT COUNT(*) FROM `INFORMATION_SCHEMA`.`TABLES` WHERE `TABLE_SCHEMA`='users_data' AND `TABLE_TYPE` IN('BASE TABLE', 'SYSTEM VERSIONED')
2023-09-24T21:13:23.282011Z	   34 Query	SELECT COUNT(*) FROM `INFORMATION_SCHEMA`.`TABLES` WHERE `TABLE_SCHEMA`='users_data' AND `TABLE_TYPE` IN('BASE TABLE', 'SYSTEM VERSIONED')
2023-09-24T21:13:23.285703Z	   34 Query	SELECT 1 FROM mysql.user LIMIT 1
2023-09-24T21:13:23.286365Z	   34 Query	SELECT 1 FROM (SELECT `GRANTEE`, `IS_GRANTABLE` FROM `INFORMATION_SCHEMA`.`COLUMN_PRIVILEGES` UNION SELECT `GRANTEE`, `IS_GRANTABLE` FROM `INFORMATION_SCHEMA`.`TABLE_PRIVILEGES` UNION SELECT `GRANTEE`, `IS_GRANTABLE` FROM `INFORMATION_SCHEMA`.`SCHEMA_PRIVILEGES` UNION SELECT `GRANTEE`, `IS_GRANTABLE` FROM `INFORMATION_SCHEMA`.`USER_PRIVILEGES`) t WHERE `IS_GRANTABLE` = 'YES' AND '''root''@''%''' LIKE `GRANTEE` LIMIT 1
2023-09-24T21:13:23.286789Z	   34 Query	SELECT 1 FROM `INFORMATION_SCHEMA`.`USER_PRIVILEGES` WHERE `PRIVILEGE_TYPE` = 'CREATE USER' AND '''root''@''%''' LIKE `GRANTEE` LIMIT 1
2023-09-24T21:13:23.288898Z	   35 Quit	
2023-09-24T21:13:23.289063Z	   34 Quit	
2023-09-24T21:13:23.356347Z	   36 Connect	root@localhost on  using TCP/IP
2023-09-24T21:13:23.356521Z	   36 Query	SELECT @@version, @@version_comment
2023-09-24T21:13:23.358240Z	   36 Query	SET NAMES 'utf8mb4' COLLATE 'utf8mb4_general_ci'
2023-09-24T21:13:23.358364Z	   36 Query	SET lc_messages = 'en_US'
2023-09-24T21:13:23.360707Z	   37 Connect	root@localhost on  using TCP/IP
2023-09-24T21:13:23.362900Z	   37 Query	SHOW TABLES FROM `phpmyadmin`
2023-09-24T21:13:23.369509Z	   36 Query	SET collation_connection = 'utf8mb4_unicode_ci'
2023-09-24T21:13:23.369730Z	   37 Query	SHOW TABLES FROM `phpmyadmin`
2023-09-24T21:13:23.373989Z	   36 Query	SELECT CURRENT_USER()
2023-09-24T21:13:23.375898Z	   36 Query	SELECT `SCHEMA_NAME` FROM `INFORMATION_SCHEMA`.`SCHEMATA`, (SELECT DB_first_level FROM ( SELECT DISTINCT SUBSTRING_INDEX(SCHEMA_NAME, '_', 1) DB_first_level FROM INFORMATION_SCHEMA.SCHEMATA WHERE TRUE ) t ORDER BY DB_first_level ASC LIMIT 0, 100) t2 WHERE TRUE AND 1 = LOCATE(CONCAT(DB_first_level, '_'), CONCAT(SCHEMA_NAME, '_')) ORDER BY SCHEMA_NAME ASC
2023-09-24T21:13:23.377959Z	   36 Query	SELECT COUNT(*) FROM `INFORMATION_SCHEMA`.`TABLES` WHERE `TABLE_SCHEMA`='basso_ost' AND `TABLE_TYPE` IN('BASE TABLE', 'SYSTEM VERSIONED')
2023-09-24T21:13:23.378795Z	   36 Query	SELECT COUNT(*) FROM `INFORMATION_SCHEMA`.`TABLES` WHERE `TABLE_SCHEMA`='basso_ost' AND `TABLE_TYPE` NOT IN('BASE TABLE', 'SYSTEM VERSIONED')
2023-09-24T21:13:23.379352Z	   36 Query	SELECT @@lower_case_table_names
2023-09-24T21:13:23.379485Z	   36 Query	SELECT COUNT(*) FROM `INFORMATION_SCHEMA`.`ROUTINES` WHERE `ROUTINE_SCHEMA` COLLATE utf8_general_ci='basso_ost' AND `ROUTINE_TYPE`='FUNCTION'
2023-09-24T21:13:23.380321Z	   36 Query	SELECT COUNT(*) FROM `INFORMATION_SCHEMA`.`ROUTINES` WHERE `ROUTINE_SCHEMA` COLLATE utf8_general_ci='basso_ost'AND `ROUTINE_TYPE`='PROCEDURE'
2023-09-24T21:13:23.380936Z	   36 Query	SELECT COUNT(*) FROM `INFORMATION_SCHEMA`.`EVENTS` WHERE `EVENT_SCHEMA` COLLATE utf8_general_ci='basso_ost'
2023-09-24T21:13:23.386527Z	   36 Query	SELECT 1 FROM mysql.user LIMIT 1
2023-09-24T21:13:23.387100Z	   36 Query	SELECT 1 FROM (SELECT `GRANTEE`, `IS_GRANTABLE` FROM `INFORMATION_SCHEMA`.`COLUMN_PRIVILEGES` UNION SELECT `GRANTEE`, `IS_GRANTABLE` FROM `INFORMATION_SCHEMA`.`TABLE_PRIVILEGES` UNION SELECT `GRANTEE`, `IS_GRANTABLE` FROM `INFORMATION_SCHEMA`.`SCHEMA_PRIVILEGES` UNION SELECT `GRANTEE`, `IS_GRANTABLE` FROM `INFORMATION_SCHEMA`.`USER_PRIVILEGES`) t WHERE `IS_GRANTABLE` = 'YES' AND '''root''@''%''' LIKE `GRANTEE` LIMIT 1
2023-09-24T21:13:23.387523Z	   36 Query	SELECT 1 FROM `INFORMATION_SCHEMA`.`USER_PRIVILEGES` WHERE `PRIVILEGE_TYPE` = 'CREATE USER' AND '''root''@''%''' LIKE `GRANTEE` LIMIT 1
2023-09-24T21:13:23.389138Z	   37 Quit	
2023-09-24T21:13:23.389243Z	   36 Quit	
2023-09-24T21:13:51.198412Z	   38 Connect	root@localhost on  using TCP/IP
2023-09-24T21:13:51.198564Z	   38 Query	SELECT @@version, @@version_comment
2023-09-24T21:13:51.200315Z	   38 Query	SET NAMES 'utf8mb4' COLLATE 'utf8mb4_general_ci'
2023-09-24T21:13:51.200423Z	   38 Query	SET lc_messages = 'en_US'
2023-09-24T21:13:51.202802Z	   39 Connect	root@localhost on  using TCP/IP
2023-09-24T21:13:51.204879Z	   39 Query	SHOW TABLES FROM `phpmyadmin`
2023-09-24T21:13:51.205140Z	   39 Query	SHOW TABLES FROM `basso_ost`
2023-09-24T21:13:51.212765Z	   38 Query	SET collation_connection = 'utf8mb4_unicode_ci'
2023-09-24T21:13:51.213012Z	   39 Query	SHOW TABLES FROM `phpmyadmin`
2023-09-24T21:13:51.213231Z	   39 Query	SHOW TABLES FROM `basso_ost`
2023-09-24T21:13:51.218420Z	   38 Init DB	basso_ost
2023-09-24T21:13:51.218927Z	   38 Query	SHOW  COLUMNS FROM `basso_ost`.`registrated_users`
2023-09-24T21:13:51.223957Z	   38 Query	SHOW FULL COLUMNS FROM `basso_ost`.`registrated_users`
2023-09-24T21:13:51.226699Z	   38 Query	SHOW CREATE TABLE `basso_ost`.`registrated_users`
2023-09-24T21:13:51.228925Z	   38 Query	SELECT `CHARACTER_SET_NAME` AS `Charset`, `DEFAULT_COLLATE_NAME` AS `Default collation`, `DESCRIPTION` AS `Description`, `MAXLEN` AS `Maxlen` FROM `information_schema`.`CHARACTER_SETS`
2023-09-24T21:13:51.229714Z	   38 Query	SELECT `COLLATION_NAME` AS `Collation`, `CHARACTER_SET_NAME` AS `Charset`, `ID` AS `Id`, `IS_DEFAULT` AS `Default`, `IS_COMPILED` AS `Compiled`, `SORTLEN` AS `Sortlen` FROM `information_schema`.`COLLATIONS`
2023-09-24T21:13:51.235925Z	   38 Query	SHOW STORAGE ENGINES
2023-09-24T21:13:51.236131Z	   38 Query	SELECT @@disabled_storage_engines
2023-09-24T21:13:51.268121Z	   38 Query	SHOW  COLUMNS FROM `basso_ost`.`registrated_users`
2023-09-24T21:13:51.270120Z	   38 Query	SHOW TABLES FROM `basso_ost`
2023-09-24T21:13:51.270909Z	   38 Query	SELECT 1 FROM mysql.user LIMIT 1
2023-09-24T21:13:51.271079Z	   38 Query	SELECT CURRENT_USER()
2023-09-24T21:13:51.271255Z	   38 Query	SELECT 1 FROM (SELECT `GRANTEE`, `IS_GRANTABLE` FROM `INFORMATION_SCHEMA`.`COLUMN_PRIVILEGES` UNION SELECT `GRANTEE`, `IS_GRANTABLE` FROM `INFORMATION_SCHEMA`.`TABLE_PRIVILEGES` UNION SELECT `GRANTEE`, `IS_GRANTABLE` FROM `INFORMATION_SCHEMA`.`SCHEMA_PRIVILEGES` UNION SELECT `GRANTEE`, `IS_GRANTABLE` FROM `INFORMATION_SCHEMA`.`USER_PRIVILEGES`) t WHERE `IS_GRANTABLE` = 'YES' AND '''root''@''%''' LIKE `GRANTEE` LIMIT 1
2023-09-24T21:13:51.271780Z	   38 Query	SELECT 1 FROM `INFORMATION_SCHEMA`.`USER_PRIVILEGES` WHERE `PRIVILEGE_TYPE` = 'CREATE USER' AND '''root''@''%''' LIKE `GRANTEE` LIMIT 1
2023-09-24T21:13:51.272083Z	   38 Query	SELECT `PRIVILEGE_TYPE` FROM `INFORMATION_SCHEMA`.`USER_PRIVILEGES` WHERE GRANTEE='''root''@''%''' AND PRIVILEGE_TYPE='EVENT'
2023-09-24T21:13:51.272338Z	   38 Query	SELECT `PRIVILEGE_TYPE` FROM `INFORMATION_SCHEMA`.`USER_PRIVILEGES` WHERE GRANTEE='''root''@''%''' AND PRIVILEGE_TYPE='TRIGGER'
2023-09-24T21:13:51.280826Z	   39 Quit	
2023-09-24T21:13:51.280946Z	   38 Quit	
2023-09-24T21:13:51.417121Z	   40 Connect	root@localhost on  using TCP/IP
2023-09-24T21:13:51.417268Z	   40 Query	SELECT @@version, @@version_comment
2023-09-24T21:13:51.419058Z	   40 Query	SET NAMES 'utf8mb4' COLLATE 'utf8mb4_general_ci'
2023-09-24T21:13:51.419173Z	   40 Query	SET lc_messages = 'en_US'
2023-09-24T21:13:51.422172Z	   41 Connect	root@localhost on  using TCP/IP
2023-09-24T21:13:51.424667Z	   41 Query	SHOW TABLES FROM `phpmyadmin`
2023-09-24T21:13:51.431541Z	   40 Query	SET collation_connection = 'utf8mb4_unicode_ci'
2023-09-24T21:13:51.431769Z	   41 Query	SHOW TABLES FROM `phpmyadmin`
2023-09-24T21:13:51.439567Z	   40 Query	SELECT 1 FROM mysql.user LIMIT 1
2023-09-24T21:13:51.439909Z	   40 Query	SELECT CURRENT_USER()
2023-09-24T21:13:51.440548Z	   40 Query	SELECT 1 FROM (SELECT `GRANTEE`, `IS_GRANTABLE` FROM `INFORMATION_SCHEMA`.`COLUMN_PRIVILEGES` UNION SELECT `GRANTEE`, `IS_GRANTABLE` FROM `INFORMATION_SCHEMA`.`TABLE_PRIVILEGES` UNION SELECT `GRANTEE`, `IS_GRANTABLE` FROM `INFORMATION_SCHEMA`.`SCHEMA_PRIVILEGES` UNION SELECT `GRANTEE`, `IS_GRANTABLE` FROM `INFORMATION_SCHEMA`.`USER_PRIVILEGES`) t WHERE `IS_GRANTABLE` = 'YES' AND '''root''@''%''' LIKE `GRANTEE` LIMIT 1
2023-09-24T21:13:51.441029Z	   40 Query	SELECT 1 FROM `INFORMATION_SCHEMA`.`USER_PRIVILEGES` WHERE `PRIVILEGE_TYPE` = 'CREATE USER' AND '''root''@''%''' LIKE `GRANTEE` LIMIT 1
2023-09-24T21:13:51.442417Z	   41 Quit	
2023-09-24T21:13:51.442574Z	   40 Quit	
2023-09-24T21:14:14.151087Z	   42 Connect	root@localhost on  using TCP/IP
2023-09-24T21:14:14.151247Z	   42 Query	SELECT @@version, @@version_comment
2023-09-24T21:14:14.152863Z	   42 Query	SET NAMES 'utf8mb4' COLLATE 'utf8mb4_general_ci'
2023-09-24T21:14:14.152974Z	   42 Query	SET lc_messages = 'en_US'
2023-09-24T21:14:14.155536Z	   43 Connect	root@localhost on  using TCP/IP
2023-09-24T21:14:14.157658Z	   43 Query	SHOW TABLES FROM `phpmyadmin`
2023-09-24T21:14:14.157917Z	   43 Query	SHOW TABLES FROM `basso_ost`
2023-09-24T21:14:14.165194Z	   42 Query	SET collation_connection = 'utf8mb4_unicode_ci'
2023-09-24T21:14:14.165383Z	   43 Query	SHOW TABLES FROM `phpmyadmin`
2023-09-24T21:14:14.165561Z	   43 Query	SHOW TABLES FROM `basso_ost`
2023-09-24T21:14:14.178930Z	   42 Init DB	basso_ost
2023-09-24T21:14:14.191253Z	   42 Query	SHOW  COLUMNS FROM `basso_ost`.`registrated_users`
2023-09-24T21:14:14.194686Z	   42 Query	SELECT TABLE_NAME FROM information_schema.VIEWS WHERE TABLE_SCHEMA = 'basso_ost' AND TABLE_NAME = 'registrated_users'
2023-09-24T21:14:14.195700Z	   42 Query	SELECT @@lower_case_table_names
2023-09-24T21:14:14.195863Z	   42 Query	SELECT *, `TABLE_SCHEMA`       AS `Db`, `TABLE_NAME`         AS `Name`, `TABLE_TYPE`         AS `TABLE_TYPE`, `ENGINE`             AS `Engine`, `ENGINE`             AS `Type`, `VERSION`            AS `Version`, `ROW_FORMAT`         AS `Row_format`, `TABLE_ROWS`         AS `Rows`, `AVG_ROW_LENGTH`     AS `Avg_row_length`, `DATA_LENGTH`        AS `Data_length`, `MAX_DATA_LENGTH`    AS `Max_data_length`, `INDEX_LENGTH`       AS `Index_length`, `DATA_FREE`          AS `Data_free`, `AUTO_INCREMENT`     AS `Auto_increment`, `CREATE_TIME`        AS `Create_time`, `UPDATE_TIME`        AS `Update_time`, `CHECK_TIME`         AS `Check_time`, `TABLE_COLLATION`    AS `Collation`, `CHECKSUM`           AS `Checksum`, `CREATE_OPTIONS`     AS `Create_options`, `TABLE_COMMENT`      AS `Comment` FROM `information_schema`.`TABLES` t WHERE `TABLE_SCHEMA` COLLATE utf8_general_ci IN ('basso_ost') AND t.`TABLE_NAME` COLLATE utf8_general_ci = 'registrated_users' ORDER BY Name ASC
2023-09-24T21:14:14.197297Z	   42 Query	SHOW TABLE STATUS FROM `basso_ost` WHERE `Name` LIKE 'registrated\\_users%'
2023-09-24T21:14:14.199185Z	   42 Query	SELECT TABLE_NAME FROM information_schema.VIEWS WHERE TABLE_SCHEMA = 'basso_ost' AND TABLE_NAME = 'registrated_users'
2023-09-24T21:14:14.199594Z	   42 Query	SELECT 1 FROM mysql.user LIMIT 1
2023-09-24T21:14:14.199756Z	   42 Query	SELECT CURRENT_USER()
2023-09-24T21:14:14.199906Z	   42 Query	SELECT 1 FROM (SELECT `GRANTEE`, `IS_GRANTABLE` FROM `INFORMATION_SCHEMA`.`COLUMN_PRIVILEGES` UNION SELECT `GRANTEE`, `IS_GRANTABLE` FROM `INFORMATION_SCHEMA`.`TABLE_PRIVILEGES` UNION SELECT `GRANTEE`, `IS_GRANTABLE` FROM `INFORMATION_SCHEMA`.`SCHEMA_PRIVILEGES` UNION SELECT `GRANTEE`, `IS_GRANTABLE` FROM `INFORMATION_SCHEMA`.`USER_PRIVILEGES`) t WHERE `IS_GRANTABLE` = 'YES' AND '''root''@''%''' LIKE `GRANTEE` LIMIT 1
2023-09-24T21:14:14.200325Z	   42 Query	SELECT 1 FROM `INFORMATION_SCHEMA`.`USER_PRIVILEGES` WHERE `PRIVILEGE_TYPE` = 'CREATE USER' AND '''root''@''%''' LIKE `GRANTEE` LIMIT 1
2023-09-24T21:14:14.200560Z	   42 Query	SELECT `PRIVILEGE_TYPE` FROM `INFORMATION_SCHEMA`.`USER_PRIVILEGES` WHERE GRANTEE='''root''@''%''' AND PRIVILEGE_TYPE='TRIGGER'
2023-09-24T21:14:14.202223Z	   43 Quit	
2023-09-24T21:14:14.202392Z	   42 Quit	
2023-09-24T21:15:31.837194Z	   44 Connect	root@localhost on  using TCP/IP
2023-09-24T21:15:31.837348Z	   44 Query	SELECT @@version, @@version_comment
2023-09-24T21:15:31.839830Z	   44 Query	SET NAMES 'utf8mb4' COLLATE 'utf8mb4_general_ci'
2023-09-24T21:15:31.839997Z	   44 Query	SET lc_messages = 'en_US'
2023-09-24T21:15:31.843287Z	   45 Connect	root@localhost on  using TCP/IP
2023-09-24T21:15:31.845746Z	   45 Query	SHOW TABLES FROM `phpmyadmin`
2023-09-24T21:15:31.846032Z	   45 Query	SHOW TABLES FROM `basso_ost`
2023-09-24T21:15:31.856222Z	   44 Query	SET collation_connection = 'utf8mb4_unicode_ci'
2023-09-24T21:15:31.856479Z	   45 Query	SHOW TABLES FROM `phpmyadmin`
2023-09-24T21:15:31.856718Z	   45 Query	SHOW TABLES FROM `basso_ost`
2023-09-24T21:15:31.866325Z	   45 Quit	
2023-09-24T21:15:31.866416Z	   44 Quit	
2023-09-24T21:15:31.935240Z	   46 Connect	root@localhost on  using TCP/IP
2023-09-24T21:15:31.935388Z	   46 Query	SELECT @@version, @@version_comment
2023-09-24T21:15:31.937193Z	   46 Query	SET NAMES 'utf8mb4' COLLATE 'utf8mb4_general_ci'
2023-09-24T21:15:31.937311Z	   46 Query	SET lc_messages = 'en_US'
2023-09-24T21:15:31.940384Z	   47 Connect	root@localhost on  using TCP/IP
2023-09-24T21:15:31.942922Z	   47 Query	SHOW TABLES FROM `phpmyadmin`
2023-09-24T21:15:31.943160Z	   47 Query	SHOW TABLES FROM `basso_ost`
2023-09-24T21:15:31.951121Z	   46 Query	SET collation_connection = 'utf8mb4_unicode_ci'
2023-09-24T21:15:31.951360Z	   47 Query	SHOW TABLES FROM `phpmyadmin`
2023-09-24T21:15:31.951618Z	   47 Query	SHOW TABLES FROM `basso_ost`
2023-09-24T21:15:31.954971Z	   46 Init DB	basso_ost
2023-09-24T21:15:31.955640Z	   46 Query	SHOW  COLUMNS FROM `basso_ost`.`registrated_users`
2023-09-24T21:15:31.957820Z	   46 Query	SELECT @@lower_case_table_names
2023-09-24T21:15:31.961637Z	   46 Query	CREATE TABLE `basso_ost`.`registrated_users` (`id` INT NOT NULL AUTO_INCREMENT , `login` VARCHAR(20) NOT NULL , `email` VARCHAR(20) NOT NULL , `password` VARCHAR(20) NOT NULL , `role` BOOLEAN NOT NULL , PRIMARY KEY (`id`)) ENGINE = InnoDB
2023-09-24T21:15:31.970949Z	   46 Query	SHOW  COLUMNS FROM `basso_ost`.`registrated_users`
2023-09-24T21:15:31.972729Z	   46 Query	SHOW INDEXES FROM `basso_ost`.`registrated_users`
2023-09-24T21:15:31.979284Z	   46 Query	SELECT TABLE_NAME FROM information_schema.VIEWS WHERE TABLE_SCHEMA = 'basso_ost' AND TABLE_NAME = 'registrated_users'
2023-09-24T21:15:31.980020Z	   46 Query	SELECT *, `TABLE_SCHEMA`       AS `Db`, `TABLE_NAME`         AS `Name`, `TABLE_TYPE`         AS `TABLE_TYPE`, `ENGINE`             AS `Engine`, `ENGINE`             AS `Type`, `VERSION`            AS `Version`, `ROW_FORMAT`         AS `Row_format`, `TABLE_ROWS`         AS `Rows`, `AVG_ROW_LENGTH`     AS `Avg_row_length`, `DATA_LENGTH`        AS `Data_length`, `MAX_DATA_LENGTH`    AS `Max_data_length`, `INDEX_LENGTH`       AS `Index_length`, `DATA_FREE`          AS `Data_free`, `AUTO_INCREMENT`     AS `Auto_increment`, `CREATE_TIME`        AS `Create_time`, `UPDATE_TIME`        AS `Update_time`, `CHECK_TIME`         AS `Check_time`, `TABLE_COLLATION`    AS `Collation`, `CHECKSUM`           AS `Checksum`, `CREATE_OPTIONS`     AS `Create_options`, `TABLE_COMMENT`      AS `Comment` FROM `information_schema`.`TABLES` t WHERE `TABLE_SCHEMA` COLLATE utf8_general_ci IN ('basso_ost') AND t.`TABLE_NAME` COLLATE utf8_general_ci = 'registrated_users' ORDER BY Name ASC
2023-09-24T21:15:31.984610Z	   46 Query	SELECT 1 FROM mysql.user LIMIT 1
2023-09-24T21:15:31.984808Z	   46 Query	SELECT CURRENT_USER()
2023-09-24T21:15:31.984972Z	   46 Query	SELECT 1 FROM (SELECT `GRANTEE`, `IS_GRANTABLE` FROM `INFORMATION_SCHEMA`.`COLUMN_PRIVILEGES` UNION SELECT `GRANTEE`, `IS_GRANTABLE` FROM `INFORMATION_SCHEMA`.`TABLE_PRIVILEGES` UNION SELECT `GRANTEE`, `IS_GRANTABLE` FROM `INFORMATION_SCHEMA`.`SCHEMA_PRIVILEGES` UNION SELECT `GRANTEE`, `IS_GRANTABLE` FROM `INFORMATION_SCHEMA`.`USER_PRIVILEGES`) t WHERE `IS_GRANTABLE` = 'YES' AND '''root''@''%''' LIKE `GRANTEE` LIMIT 1
2023-09-24T21:15:31.985471Z	   46 Query	SELECT 1 FROM `INFORMATION_SCHEMA`.`USER_PRIVILEGES` WHERE `PRIVILEGE_TYPE` = 'CREATE USER' AND '''root''@''%''' LIKE `GRANTEE` LIMIT 1
2023-09-24T21:15:31.985720Z	   46 Query	SELECT `PRIVILEGE_TYPE` FROM `INFORMATION_SCHEMA`.`USER_PRIVILEGES` WHERE GRANTEE='''root''@''%''' AND PRIVILEGE_TYPE='TRIGGER'
2023-09-24T21:15:31.987613Z	   47 Quit	
2023-09-24T21:15:31.987786Z	   46 Quit	
2023-09-24T21:15:32.091776Z	   48 Connect	root@localhost on  using TCP/IP
2023-09-24T21:15:32.091964Z	   48 Query	SELECT @@version, @@version_comment
2023-09-24T21:15:32.093845Z	   48 Query	SET NAMES 'utf8mb4' COLLATE 'utf8mb4_general_ci'
2023-09-24T21:15:32.094055Z	   48 Query	SET lc_messages = 'en_US'
2023-09-24T21:15:32.097080Z	   49 Connect	root@localhost on  using TCP/IP
2023-09-24T21:15:32.099373Z	   49 Query	SHOW TABLES FROM `phpmyadmin`
2023-09-24T21:15:32.099681Z	   49 Query	SHOW TABLES FROM `basso_ost`
2023-09-24T21:15:32.108243Z	   48 Query	SET collation_connection = 'utf8mb4_unicode_ci'
2023-09-24T21:15:32.108508Z	   49 Query	SHOW TABLES FROM `phpmyadmin`
2023-09-24T21:15:32.108811Z	   49 Query	SHOW TABLES FROM `basso_ost`
2023-09-24T21:15:32.114779Z	   48 Init DB	basso_ost
2023-09-24T21:15:32.115015Z	   48 Query	SHOW TABLES FROM `basso_ost`
2023-09-24T21:15:32.116241Z	   48 Query	SELECT @@lower_case_table_names
2023-09-24T21:15:32.116434Z	   48 Query	SELECT *, `TABLE_SCHEMA`       AS `Db`, `TABLE_NAME`         AS `Name`, `TABLE_TYPE`         AS `TABLE_TYPE`, `ENGINE`             AS `Engine`, `ENGINE`             AS `Type`, `VERSION`            AS `Version`, `ROW_FORMAT`         AS `Row_format`, `TABLE_ROWS`         AS `Rows`, `AVG_ROW_LENGTH`     AS `Avg_row_length`, `DATA_LENGTH`        AS `Data_length`, `MAX_DATA_LENGTH`    AS `Max_data_length`, `INDEX_LENGTH`       AS `Index_length`, `DATA_FREE`          AS `Data_free`, `AUTO_INCREMENT`     AS `Auto_increment`, `CREATE_TIME`        AS `Create_time`, `UPDATE_TIME`        AS `Update_time`, `CHECK_TIME`         AS `Check_time`, `TABLE_COLLATION`    AS `Collation`, `CHECKSUM`           AS `Checksum`, `CREATE_OPTIONS`     AS `Create_options`, `TABLE_COMMENT`      AS `Comment` FROM `information_schema`.`TABLES` t WHERE `TABLE_SCHEMA` COLLATE utf8_general_ci IN ('basso_ost')  ORDER BY Name ASC LIMIT 250 OFFSET 0
2023-09-24T21:15:32.119305Z	   48 Query	SHOW MASTER STATUS
2023-09-24T21:15:32.119462Z	   48 Query	SHOW SLAVE STATUS
2023-09-24T21:15:32.144862Z	   48 Query	SELECT COUNT(*) FROM `basso_ost`.`registrated_users`
2023-09-24T21:15:32.146182Z	   48 Query	SELECT `COLLATION_NAME` AS `Collation`, `CHARACTER_SET_NAME` AS `Charset`, `ID` AS `Id`, `IS_DEFAULT` AS `Default`, `IS_COMPILED` AS `Compiled`, `SORTLEN` AS `Sortlen` FROM `information_schema`.`COLLATIONS`
2023-09-24T21:15:32.152828Z	   48 Query	SELECT DEFAULT_COLLATION_NAME FROM information_schema.SCHEMATA WHERE SCHEMA_NAME = 'basso_ost' LIMIT 1
2023-09-24T21:15:32.158409Z	   48 Query	SELECT @@default_storage_engine
2023-09-24T21:15:32.160090Z	   48 Query	SELECT CURRENT_USER()
2023-09-24T21:15:32.162078Z	   48 Query	SHOW  COLUMNS FROM `basso_ost`.`registrated_users`
2023-09-24T21:15:32.163617Z	   48 Query	SHOW INDEXES FROM `basso_ost`.`registrated_users`
2023-09-24T21:15:32.165917Z	   48 Query	SELECT 1 FROM mysql.user LIMIT 1
2023-09-24T21:15:32.166199Z	   48 Query	SELECT 1 FROM (SELECT `GRANTEE`, `IS_GRANTABLE` FROM `INFORMATION_SCHEMA`.`COLUMN_PRIVILEGES` UNION SELECT `GRANTEE`, `IS_GRANTABLE` FROM `INFORMATION_SCHEMA`.`TABLE_PRIVILEGES` UNION SELECT `GRANTEE`, `IS_GRANTABLE` FROM `INFORMATION_SCHEMA`.`SCHEMA_PRIVILEGES` UNION SELECT `GRANTEE`, `IS_GRANTABLE` FROM `INFORMATION_SCHEMA`.`USER_PRIVILEGES`) t WHERE `IS_GRANTABLE` = 'YES' AND '''root''@''%''' LIKE `GRANTEE` LIMIT 1
2023-09-24T21:15:32.166678Z	   48 Query	SELECT 1 FROM `INFORMATION_SCHEMA`.`USER_PRIVILEGES` WHERE `PRIVILEGE_TYPE` = 'CREATE USER' AND '''root''@''%''' LIKE `GRANTEE` LIMIT 1
2023-09-24T21:15:32.166916Z	   48 Query	SELECT `PRIVILEGE_TYPE` FROM `INFORMATION_SCHEMA`.`USER_PRIVILEGES` WHERE GRANTEE='''root''@''%''' AND PRIVILEGE_TYPE='TRIGGER'
2023-09-24T21:15:32.169011Z	   49 Quit	
2023-09-24T21:15:32.169203Z	   48 Quit	
2023-09-24T21:15:32.211508Z	   50 Connect	root@localhost on  using TCP/IP
2023-09-24T21:15:32.211668Z	   50 Query	SELECT @@version, @@version_comment
2023-09-24T21:15:32.214679Z	   50 Query	SET NAMES 'utf8mb4' COLLATE 'utf8mb4_general_ci'
2023-09-24T21:15:32.214832Z	   50 Query	SET lc_messages = 'en_US'
2023-09-24T21:15:32.218061Z	   51 Connect	root@localhost on  using TCP/IP
2023-09-24T21:15:32.221219Z	   51 Query	SHOW TABLES FROM `phpmyadmin`
2023-09-24T21:15:32.233364Z	   50 Query	SET collation_connection = 'utf8mb4_unicode_ci'
2023-09-24T21:15:32.233655Z	   51 Query	SHOW TABLES FROM `phpmyadmin`
2023-09-24T21:15:32.239077Z	   50 Query	SELECT CURRENT_USER()
2023-09-24T21:15:32.241531Z	   50 Query	SELECT `SCHEMA_NAME` FROM `INFORMATION_SCHEMA`.`SCHEMATA`, (SELECT DB_first_level FROM ( SELECT DISTINCT SUBSTRING_INDEX(SCHEMA_NAME, '_', 1) DB_first_level FROM INFORMATION_SCHEMA.SCHEMATA WHERE TRUE ) t ORDER BY DB_first_level ASC LIMIT 0, 100) t2 WHERE TRUE AND 1 = LOCATE(CONCAT(DB_first_level, '_'), CONCAT(SCHEMA_NAME, '_')) ORDER BY SCHEMA_NAME ASC
2023-09-24T21:15:32.243366Z	   50 Query	SELECT COUNT(*) FROM `INFORMATION_SCHEMA`.`TABLES` WHERE `TABLE_SCHEMA`='basso_ost' AND `TABLE_TYPE` IN('BASE TABLE', 'SYSTEM VERSIONED')
2023-09-24T21:15:32.244795Z	   50 Query	SELECT COUNT(*) FROM `INFORMATION_SCHEMA`.`TABLES` WHERE `TABLE_SCHEMA`='basso_ost' AND `TABLE_TYPE` NOT IN('BASE TABLE', 'SYSTEM VERSIONED')
2023-09-24T21:15:32.245590Z	   50 Query	SELECT @@lower_case_table_names
2023-09-24T21:15:32.245755Z	   50 Query	SELECT COUNT(*) FROM `INFORMATION_SCHEMA`.`ROUTINES` WHERE `ROUTINE_SCHEMA` COLLATE utf8_general_ci='basso_ost' AND `ROUTINE_TYPE`='FUNCTION'
2023-09-24T21:15:32.246495Z	   50 Query	SELECT COUNT(*) FROM `INFORMATION_SCHEMA`.`ROUTINES` WHERE `ROUTINE_SCHEMA` COLLATE utf8_general_ci='basso_ost'AND `ROUTINE_TYPE`='PROCEDURE'
2023-09-24T21:15:32.247147Z	   50 Query	SELECT COUNT(*) FROM `INFORMATION_SCHEMA`.`EVENTS` WHERE `EVENT_SCHEMA` COLLATE utf8_general_ci='basso_ost'
2023-09-24T21:15:32.247558Z	   50 Query	SELECT `TABLE_NAME` AS `name` FROM `INFORMATION_SCHEMA`.`TABLES` WHERE `TABLE_SCHEMA`='basso_ost' AND `TABLE_TYPE` IN('BASE TABLE', 'SYSTEM VERSIONED') ORDER BY `TABLE_NAME` ASC LIMIT 0, 50
2023-09-24T21:15:32.248905Z	   50 Query	SELECT COUNT(*) FROM `INFORMATION_SCHEMA`.`TABLES` WHERE `TABLE_SCHEMA`='users_data' AND `TABLE_TYPE` IN('BASE TABLE', 'SYSTEM VERSIONED')
2023-09-24T21:15:32.249532Z	   50 Query	SELECT COUNT(*) FROM `INFORMATION_SCHEMA`.`TABLES` WHERE `TABLE_SCHEMA`='users_data' AND `TABLE_TYPE` NOT IN('BASE TABLE', 'SYSTEM VERSIONED')
2023-09-24T21:15:32.250081Z	   50 Query	SELECT COUNT(*) FROM `INFORMATION_SCHEMA`.`ROUTINES` WHERE `ROUTINE_SCHEMA` COLLATE utf8_general_ci='users_data' AND `ROUTINE_TYPE`='FUNCTION'
2023-09-24T21:15:32.250779Z	   50 Query	SELECT COUNT(*) FROM `INFORMATION_SCHEMA`.`ROUTINES` WHERE `ROUTINE_SCHEMA` COLLATE utf8_general_ci='users_data'AND `ROUTINE_TYPE`='PROCEDURE'
2023-09-24T21:15:32.251473Z	   50 Query	SELECT COUNT(*) FROM `INFORMATION_SCHEMA`.`EVENTS` WHERE `EVENT_SCHEMA` COLLATE utf8_general_ci='users_data'
2023-09-24T21:15:32.251878Z	   50 Query	SELECT `TABLE_NAME` AS `name` FROM `INFORMATION_SCHEMA`.`TABLES` WHERE `TABLE_SCHEMA`='users_data' AND `TABLE_TYPE` IN('BASE TABLE', 'SYSTEM VERSIONED') ORDER BY `TABLE_NAME` ASC LIMIT 0, 50
2023-09-24T21:15:32.259650Z	   50 Query	SELECT COUNT(*) FROM ( SELECT DISTINCT SUBSTRING_INDEX(SCHEMA_NAME, '_', 1) DB_first_level FROM INFORMATION_SCHEMA.SCHEMATA WHERE TRUE ) t
2023-09-24T21:15:32.262873Z	   50 Query	SELECT COUNT(*) FROM ( SELECT DISTINCT SUBSTRING_INDEX(SCHEMA_NAME, '_', 1) DB_first_level FROM INFORMATION_SCHEMA.SCHEMATA WHERE TRUE ) t
2023-09-24T21:15:32.265621Z	   50 Query	SELECT COUNT(*) FROM `INFORMATION_SCHEMA`.`TABLES` WHERE `TABLE_SCHEMA`='basso_ost' AND `TABLE_TYPE` IN('BASE TABLE', 'SYSTEM VERSIONED')
2023-09-24T21:15:32.266401Z	   50 Query	SELECT COUNT(*) FROM `INFORMATION_SCHEMA`.`TABLES` WHERE `TABLE_SCHEMA`='basso_ost' AND `TABLE_TYPE` IN('BASE TABLE', 'SYSTEM VERSIONED')
2023-09-24T21:15:32.267707Z	   50 Query	SELECT COUNT(*) FROM `INFORMATION_SCHEMA`.`TABLES` WHERE `TABLE_SCHEMA`='users_data' AND `TABLE_TYPE` IN('BASE TABLE', 'SYSTEM VERSIONED')
2023-09-24T21:15:32.268343Z	   50 Query	SELECT COUNT(*) FROM `INFORMATION_SCHEMA`.`TABLES` WHERE `TABLE_SCHEMA`='users_data' AND `TABLE_TYPE` IN('BASE TABLE', 'SYSTEM VERSIONED')
2023-09-24T21:15:32.271971Z	   50 Query	SELECT 1 FROM mysql.user LIMIT 1
2023-09-24T21:15:32.272797Z	   50 Query	SELECT 1 FROM (SELECT `GRANTEE`, `IS_GRANTABLE` FROM `INFORMATION_SCHEMA`.`COLUMN_PRIVILEGES` UNION SELECT `GRANTEE`, `IS_GRANTABLE` FROM `INFORMATION_SCHEMA`.`TABLE_PRIVILEGES` UNION SELECT `GRANTEE`, `IS_GRANTABLE` FROM `INFORMATION_SCHEMA`.`SCHEMA_PRIVILEGES` UNION SELECT `GRANTEE`, `IS_GRANTABLE` FROM `INFORMATION_SCHEMA`.`USER_PRIVILEGES`) t WHERE `IS_GRANTABLE` = 'YES' AND '''root''@''%''' LIKE `GRANTEE` LIMIT 1
2023-09-24T21:15:32.273279Z	   50 Query	SELECT 1 FROM `INFORMATION_SCHEMA`.`USER_PRIVILEGES` WHERE `PRIVILEGE_TYPE` = 'CREATE USER' AND '''root''@''%''' LIKE `GRANTEE` LIMIT 1
2023-09-24T21:15:32.275253Z	   51 Quit	
2023-09-24T21:15:32.275350Z	   50 Quit	
2023-09-24T21:15:32.307463Z	   52 Connect	root@localhost on  using TCP/IP
2023-09-24T21:15:32.307615Z	   52 Query	SELECT @@version, @@version_comment
2023-09-24T21:15:32.309814Z	   52 Query	SET NAMES 'utf8mb4' COLLATE 'utf8mb4_general_ci'
2023-09-24T21:15:32.309932Z	   52 Query	SET lc_messages = 'en_US'
2023-09-24T21:15:32.313037Z	   53 Connect	root@localhost on  using TCP/IP
2023-09-24T21:15:32.315335Z	   53 Query	SHOW TABLES FROM `phpmyadmin`
2023-09-24T21:15:32.315565Z	   53 Query	SHOW TABLES FROM `basso_ost`
2023-09-24T21:15:32.325229Z	   52 Query	SET collation_connection = 'utf8mb4_unicode_ci'
2023-09-24T21:15:32.325482Z	   53 Query	SHOW TABLES FROM `phpmyadmin`
2023-09-24T21:15:32.325805Z	   53 Query	SHOW TABLES FROM `basso_ost`
2023-09-24T21:15:32.338576Z	   52 Init DB	basso_ost
2023-09-24T21:15:32.339200Z	   52 Query	SELECT @@lower_case_table_names
2023-09-24T21:15:32.339448Z	   52 Query	SELECT *, `TABLE_SCHEMA`       AS `Db`, `TABLE_NAME`         AS `Name`, `TABLE_TYPE`         AS `TABLE_TYPE`, `ENGINE`             AS `Engine`, `ENGINE`             AS `Type`, `VERSION`            AS `Version`, `ROW_FORMAT`         AS `Row_format`, `TABLE_ROWS`         AS `Rows`, `AVG_ROW_LENGTH`     AS `Avg_row_length`, `DATA_LENGTH`        AS `Data_length`, `MAX_DATA_LENGTH`    AS `Max_data_length`, `INDEX_LENGTH`       AS `Index_length`, `DATA_FREE`          AS `Data_free`, `AUTO_INCREMENT`     AS `Auto_increment`, `CREATE_TIME`        AS `Create_time`, `UPDATE_TIME`        AS `Update_time`, `CHECK_TIME`         AS `Check_time`, `TABLE_COLLATION`    AS `Collation`, `CHECKSUM`           AS `Checksum`, `CREATE_OPTIONS`     AS `Create_options`, `TABLE_COMMENT`      AS `Comment` FROM `information_schema`.`TABLES` t WHERE `TABLE_SCHEMA` COLLATE utf8_general_ci IN ('basso_ost') AND t.`TABLE_NAME` COLLATE utf8_general_ci = 'registrated_users' ORDER BY Name ASC
2023-09-24T21:15:32.341235Z	   52 Query	SELECT *, `TABLE_SCHEMA`       AS `Db`, `TABLE_NAME`         AS `Name`, `TABLE_TYPE`         AS `TABLE_TYPE`, `ENGINE`             AS `Engine`, `ENGINE`             AS `Type`, `VERSION`            AS `Version`, `ROW_FORMAT`         AS `Row_format`, `TABLE_ROWS`         AS `Rows`, `AVG_ROW_LENGTH`     AS `Avg_row_length`, `DATA_LENGTH`        AS `Data_length`, `MAX_DATA_LENGTH`    AS `Max_data_length`, `INDEX_LENGTH`       AS `Index_length`, `DATA_FREE`          AS `Data_free`, `AUTO_INCREMENT`     AS `Auto_increment`, `CREATE_TIME`        AS `Create_time`, `UPDATE_TIME`        AS `Update_time`, `CHECK_TIME`         AS `Check_time`, `TABLE_COLLATION`    AS `Collation`, `CHECKSUM`           AS `Checksum`, `CREATE_OPTIONS`     AS `Create_options`, `TABLE_COMMENT`      AS `Comment` FROM `information_schema`.`TABLES` t WHERE `TABLE_SCHEMA` COLLATE utf8_general_ci IN ('basso_ost') AND t.`TABLE_NAME` COLLATE utf8_general_ci = 'registrated_users' ORDER BY Name ASC
2023-09-24T21:15:32.369329Z	   52 Query	SELECT CURRENT_USER()
2023-09-24T21:15:32.374364Z	   52 Init DB	basso_ost
2023-09-24T21:15:32.375133Z	   52 Query	SHOW INDEXES FROM `basso_ost`.`registrated_users`
2023-09-24T21:15:32.376770Z	   52 Query	SHOW FULL COLUMNS FROM `basso_ost`.`registrated_users`
2023-09-24T21:15:32.377596Z	   52 Query	SHOW FULL COLUMNS FROM `basso_ost`.`registrated_users`
2023-09-24T21:15:32.392432Z	   52 Query	SHOW STORAGE ENGINES
2023-09-24T21:15:32.392746Z	   52 Query	SHOW GLOBAL VARIABLES LIKE 'innodb_file_per_table'
2023-09-24T21:15:32.396702Z	   52 Query	SELECT `COLLATION_NAME` AS `Collation`, `CHARACTER_SET_NAME` AS `Charset`, `ID` AS `Id`, `IS_DEFAULT` AS `Default`, `IS_COMPILED` AS `Compiled`, `SORTLEN` AS `Sortlen` FROM `information_schema`.`COLLATIONS`
2023-09-24T21:15:32.413386Z	   52 Query	SELECT * FROM `information_schema`.`PARTITIONS` WHERE `TABLE_SCHEMA` = 'basso_ost' AND `TABLE_NAME` = 'registrated_users'
2023-09-24T21:15:32.414977Z	   52 Query	SELECT DISTINCT `PARTITION_NAME` FROM `information_schema`.`PARTITIONS` WHERE `TABLE_SCHEMA` = 'basso_ost' AND `TABLE_NAME` = 'registrated_users'
2023-09-24T21:15:32.469769Z	   52 Query	SHOW  COLUMNS FROM `basso_ost`.`registrated_users`
2023-09-24T21:15:32.473128Z	   52 Query	SELECT 1 FROM mysql.user LIMIT 1
2023-09-24T21:15:32.473428Z	   52 Query	SELECT 1 FROM (SELECT `GRANTEE`, `IS_GRANTABLE` FROM `INFORMATION_SCHEMA`.`COLUMN_PRIVILEGES` UNION SELECT `GRANTEE`, `IS_GRANTABLE` FROM `INFORMATION_SCHEMA`.`TABLE_PRIVILEGES` UNION SELECT `GRANTEE`, `IS_GRANTABLE` FROM `INFORMATION_SCHEMA`.`SCHEMA_PRIVILEGES` UNION SELECT `GRANTEE`, `IS_GRANTABLE` FROM `INFORMATION_SCHEMA`.`USER_PRIVILEGES`) t WHERE `IS_GRANTABLE` = 'YES' AND '''root''@''%''' LIKE `GRANTEE` LIMIT 1
2023-09-24T21:15:32.473933Z	   52 Query	SELECT 1 FROM `INFORMATION_SCHEMA`.`USER_PRIVILEGES` WHERE `PRIVILEGE_TYPE` = 'CREATE USER' AND '''root''@''%''' LIKE `GRANTEE` LIMIT 1
2023-09-24T21:15:32.474182Z	   52 Query	SELECT `PRIVILEGE_TYPE` FROM `INFORMATION_SCHEMA`.`USER_PRIVILEGES` WHERE GRANTEE='''root''@''%''' AND PRIVILEGE_TYPE='TRIGGER'
2023-09-24T21:15:32.477679Z	   53 Quit	
2023-09-24T21:15:32.477779Z	   52 Quit	
2023-09-24T21:15:32.498672Z	   54 Connect	root@localhost on  using TCP/IP
2023-09-24T21:15:32.498842Z	   54 Query	SELECT @@version, @@version_comment
2023-09-24T21:15:32.501162Z	   54 Query	SET NAMES 'utf8mb4' COLLATE 'utf8mb4_general_ci'
2023-09-24T21:15:32.501339Z	   54 Query	SET lc_messages = 'en_US'
2023-09-24T21:15:32.504312Z	   55 Connect	root@localhost on  using TCP/IP
2023-09-24T21:15:32.506823Z	   55 Query	SHOW TABLES FROM `phpmyadmin`
2023-09-24T21:15:32.514307Z	   54 Query	SET collation_connection = 'utf8mb4_unicode_ci'
2023-09-24T21:15:32.514618Z	   55 Query	SHOW TABLES FROM `phpmyadmin`
2023-09-24T21:15:32.524572Z	   54 Query	SELECT 1 FROM mysql.user LIMIT 1
2023-09-24T21:15:32.525147Z	   54 Query	SELECT CURRENT_USER()
2023-09-24T21:15:32.526610Z	   54 Query	SELECT 1 FROM (SELECT `GRANTEE`, `IS_GRANTABLE` FROM `INFORMATION_SCHEMA`.`COLUMN_PRIVILEGES` UNION SELECT `GRANTEE`, `IS_GRANTABLE` FROM `INFORMATION_SCHEMA`.`TABLE_PRIVILEGES` UNION SELECT `GRANTEE`, `IS_GRANTABLE` FROM `INFORMATION_SCHEMA`.`SCHEMA_PRIVILEGES` UNION SELECT `GRANTEE`, `IS_GRANTABLE` FROM `INFORMATION_SCHEMA`.`USER_PRIVILEGES`) t WHERE `IS_GRANTABLE` = 'YES' AND '''root''@''%''' LIKE `GRANTEE` LIMIT 1
2023-09-24T21:15:32.527484Z	   54 Query	SELECT 1 FROM `INFORMATION_SCHEMA`.`USER_PRIVILEGES` WHERE `PRIVILEGE_TYPE` = 'CREATE USER' AND '''root''@''%''' LIKE `GRANTEE` LIMIT 1
2023-09-24T21:15:32.529628Z	   55 Quit	
2023-09-24T21:15:32.529796Z	   54 Quit	
2023-09-24T21:15:32.606866Z	   56 Connect	root@localhost on  using TCP/IP
2023-09-24T21:15:32.607025Z	   56 Query	SELECT @@version, @@version_comment
2023-09-24T21:15:32.609098Z	   56 Query	SET NAMES 'utf8mb4' COLLATE 'utf8mb4_general_ci'
2023-09-24T21:15:32.609207Z	   56 Query	SET lc_messages = 'en_US'
2023-09-24T21:15:32.612447Z	   57 Connect	root@localhost on  using TCP/IP
2023-09-24T21:15:32.614788Z	   57 Query	SHOW TABLES FROM `phpmyadmin`
2023-09-24T21:15:32.622857Z	   56 Query	SET collation_connection = 'utf8mb4_unicode_ci'
2023-09-24T21:15:32.623160Z	   57 Query	SHOW TABLES FROM `phpmyadmin`
2023-09-24T21:15:32.632588Z	   56 Query	SELECT 1 FROM mysql.user LIMIT 1
2023-09-24T21:15:32.632845Z	   56 Query	SELECT CURRENT_USER()
2023-09-24T21:15:32.633414Z	   56 Query	SELECT 1 FROM (SELECT `GRANTEE`, `IS_GRANTABLE` FROM `INFORMATION_SCHEMA`.`COLUMN_PRIVILEGES` UNION SELECT `GRANTEE`, `IS_GRANTABLE` FROM `INFORMATION_SCHEMA`.`TABLE_PRIVILEGES` UNION SELECT `GRANTEE`, `IS_GRANTABLE` FROM `INFORMATION_SCHEMA`.`SCHEMA_PRIVILEGES` UNION SELECT `GRANTEE`, `IS_GRANTABLE` FROM `INFORMATION_SCHEMA`.`USER_PRIVILEGES`) t WHERE `IS_GRANTABLE` = 'YES' AND '''root''@''%''' LIKE `GRANTEE` LIMIT 1
2023-09-24T21:15:32.633869Z	   56 Query	SELECT 1 FROM `INFORMATION_SCHEMA`.`USER_PRIVILEGES` WHERE `PRIVILEGE_TYPE` = 'CREATE USER' AND '''root''@''%''' LIKE `GRANTEE` LIMIT 1
2023-09-24T21:15:32.635429Z	   57 Quit	
2023-09-24T21:15:32.635587Z	   56 Quit	
2023-09-24T21:28:07.001727Z	   58 Connect	root@localhost on basso_ost using TCP/IP
2023-09-24T21:37:59.236665Z	   59 Connect	root@localhost on basso_ost using TCP/IP
2023-09-24T21:39:28.361698Z	   60 Connect	root@localhost on  using TCP/IP
2023-09-24T21:39:28.361896Z	   60 Query	SELECT @@version, @@version_comment
2023-09-24T21:39:28.364444Z	   60 Query	SET NAMES 'utf8mb4' COLLATE 'utf8mb4_general_ci'
2023-09-24T21:39:28.364589Z	   60 Query	SET lc_messages = 'en_US'
2023-09-24T21:39:28.368396Z	   61 Connect	root@localhost on  using TCP/IP
2023-09-24T21:39:28.370974Z	   61 Query	SHOW TABLES FROM `phpmyadmin`
2023-09-24T21:39:28.371358Z	   61 Query	SHOW TABLES FROM `basso_ost`
2023-09-24T21:39:28.381053Z	   60 Query	SET collation_connection = 'utf8mb4_unicode_ci'
2023-09-24T21:39:28.381296Z	   61 Query	SHOW TABLES FROM `phpmyadmin`
2023-09-24T21:39:28.381530Z	   61 Query	SHOW TABLES FROM `basso_ost`
2023-09-24T21:39:28.392278Z	   60 Query	SHOW TABLES FROM `basso_ost`
2023-09-24T21:39:28.393361Z	   60 Query	SELECT 1 FROM mysql.user LIMIT 1
2023-09-24T21:39:28.393543Z	   60 Query	SELECT CURRENT_USER()
2023-09-24T21:39:28.394263Z	   60 Query	SELECT 1 FROM (SELECT `GRANTEE`, `IS_GRANTABLE` FROM `INFORMATION_SCHEMA`.`COLUMN_PRIVILEGES` UNION SELECT `GRANTEE`, `IS_GRANTABLE` FROM `INFORMATION_SCHEMA`.`TABLE_PRIVILEGES` UNION SELECT `GRANTEE`, `IS_GRANTABLE` FROM `INFORMATION_SCHEMA`.`SCHEMA_PRIVILEGES` UNION SELECT `GRANTEE`, `IS_GRANTABLE` FROM `INFORMATION_SCHEMA`.`USER_PRIVILEGES`) t WHERE `IS_GRANTABLE` = 'YES' AND '''root''@''%''' LIKE `GRANTEE` LIMIT 1
2023-09-24T21:39:28.394917Z	   60 Query	SELECT 1 FROM `INFORMATION_SCHEMA`.`USER_PRIVILEGES` WHERE `PRIVILEGE_TYPE` = 'CREATE USER' AND '''root''@''%''' LIKE `GRANTEE` LIMIT 1
2023-09-24T21:39:28.395176Z	   60 Query	SELECT `PRIVILEGE_TYPE` FROM `INFORMATION_SCHEMA`.`USER_PRIVILEGES` WHERE GRANTEE='''root''@''%''' AND PRIVILEGE_TYPE='EVENT'
2023-09-24T21:39:28.395393Z	   60 Query	SELECT `PRIVILEGE_TYPE` FROM `INFORMATION_SCHEMA`.`USER_PRIVILEGES` WHERE GRANTEE='''root''@''%''' AND PRIVILEGE_TYPE='TRIGGER'
2023-09-24T21:39:28.397677Z	   61 Quit	
2023-09-24T21:39:28.397799Z	   60 Quit	
2023-09-24T21:50:37.171124Z	   62 Connect	root@localhost on basso_ost using TCP/IP
2023-09-24T21:54:00.590654Z	   63 Connect	root@localhost on basso_ost using TCP/IP
2023-09-24T21:57:22.063538Z	   64 Connect	root@localhost on basso_ost using TCP/IP
2023-09-24T22:00:15.854948Z	   65 Connect	root@localhost on basso_ost using TCP/IP
2023-09-24T22:02:11.391604Z	   66 Connect	root@localhost on  using TCP/IP
2023-09-24T22:02:11.391851Z	   66 Query	SELECT @@version, @@version_comment
2023-09-24T22:02:11.394979Z	   66 Query	SET NAMES 'utf8mb4' COLLATE 'utf8mb4_general_ci'
2023-09-24T22:02:11.395186Z	   66 Query	SET lc_messages = 'en_US'
2023-09-24T22:02:11.399675Z	   67 Connect	root@localhost on  using TCP/IP
2023-09-24T22:02:11.403286Z	   67 Query	SHOW TABLES FROM `phpmyadmin`
2023-09-24T22:02:11.403806Z	   67 Query	SHOW TABLES FROM `basso_ost`
2023-09-24T22:02:11.418792Z	   66 Query	SET collation_connection = 'utf8mb4_unicode_ci'
2023-09-24T22:02:11.419057Z	   67 Query	SHOW TABLES FROM `phpmyadmin`
2023-09-24T22:02:11.419434Z	   67 Query	SHOW TABLES FROM `basso_ost`
2023-09-24T22:02:11.433746Z	   66 Query	SHOW TABLES FROM `basso_ost`
2023-09-24T22:02:11.435547Z	   66 Query	SELECT 1 FROM mysql.user LIMIT 1
2023-09-24T22:02:11.435792Z	   66 Query	SELECT CURRENT_USER()
2023-09-24T22:02:11.436715Z	   66 Query	SELECT 1 FROM (SELECT `GRANTEE`, `IS_GRANTABLE` FROM `INFORMATION_SCHEMA`.`COLUMN_PRIVILEGES` UNION SELECT `GRANTEE`, `IS_GRANTABLE` FROM `INFORMATION_SCHEMA`.`TABLE_PRIVILEGES` UNION SELECT `GRANTEE`, `IS_GRANTABLE` FROM `INFORMATION_SCHEMA`.`SCHEMA_PRIVILEGES` UNION SELECT `GRANTEE`, `IS_GRANTABLE` FROM `INFORMATION_SCHEMA`.`USER_PRIVILEGES`) t WHERE `IS_GRANTABLE` = 'YES' AND '''root''@''%''' LIKE `GRANTEE` LIMIT 1
2023-09-24T22:02:11.437253Z	   66 Query	SELECT 1 FROM `INFORMATION_SCHEMA`.`USER_PRIVILEGES` WHERE `PRIVILEGE_TYPE` = 'CREATE USER' AND '''root''@''%''' LIKE `GRANTEE` LIMIT 1
2023-09-24T22:02:11.437485Z	   66 Query	SELECT `PRIVILEGE_TYPE` FROM `INFORMATION_SCHEMA`.`USER_PRIVILEGES` WHERE GRANTEE='''root''@''%''' AND PRIVILEGE_TYPE='EVENT'
2023-09-24T22:02:11.437700Z	   66 Query	SELECT `PRIVILEGE_TYPE` FROM `INFORMATION_SCHEMA`.`USER_PRIVILEGES` WHERE GRANTEE='''root''@''%''' AND PRIVILEGE_TYPE='TRIGGER'
2023-09-24T22:02:11.440547Z	   67 Quit	
2023-09-24T22:02:11.440719Z	   66 Quit	
2023-09-24T22:24:31.369502Z	   68 Connect	root@localhost on  using TCP/IP
2023-09-24T22:24:31.369841Z	   68 Query	SELECT @@version, @@version_comment
2023-09-24T22:24:31.372250Z	   68 Query	SET NAMES 'utf8mb4' COLLATE 'utf8mb4_general_ci'
2023-09-24T22:24:31.372422Z	   68 Query	SET lc_messages = 'en_US'
2023-09-24T22:24:31.375680Z	   69 Connect	root@localhost on  using TCP/IP
2023-09-24T22:24:31.378035Z	   69 Query	SHOW TABLES FROM `phpmyadmin`
2023-09-24T22:24:31.378385Z	   69 Query	SHOW TABLES FROM `basso_ost`
2023-09-24T22:24:31.388972Z	   68 Query	SET collation_connection = 'utf8mb4_unicode_ci'
2023-09-24T22:24:31.389220Z	   69 Query	SHOW TABLES FROM `phpmyadmin`
2023-09-24T22:24:31.389461Z	   69 Query	SHOW TABLES FROM `basso_ost`
2023-09-24T22:24:31.401395Z	   68 Query	SHOW TABLES FROM `basso_ost`
2023-09-24T22:24:31.403363Z	   68 Query	SELECT 1 FROM mysql.user LIMIT 1
2023-09-24T22:24:31.403647Z	   68 Query	SELECT CURRENT_USER()
2023-09-24T22:24:31.404415Z	   68 Query	SELECT 1 FROM (SELECT `GRANTEE`, `IS_GRANTABLE` FROM `INFORMATION_SCHEMA`.`COLUMN_PRIVILEGES` UNION SELECT `GRANTEE`, `IS_GRANTABLE` FROM `INFORMATION_SCHEMA`.`TABLE_PRIVILEGES` UNION SELECT `GRANTEE`, `IS_GRANTABLE` FROM `INFORMATION_SCHEMA`.`SCHEMA_PRIVILEGES` UNION SELECT `GRANTEE`, `IS_GRANTABLE` FROM `INFORMATION_SCHEMA`.`USER_PRIVILEGES`) t WHERE `IS_GRANTABLE` = 'YES' AND '''root''@''%''' LIKE `GRANTEE` LIMIT 1
2023-09-24T22:24:31.405020Z	   68 Query	SELECT 1 FROM `INFORMATION_SCHEMA`.`USER_PRIVILEGES` WHERE `PRIVILEGE_TYPE` = 'CREATE USER' AND '''root''@''%''' LIKE `GRANTEE` LIMIT 1
2023-09-24T22:24:31.405294Z	   68 Query	SELECT `PRIVILEGE_TYPE` FROM `INFORMATION_SCHEMA`.`USER_PRIVILEGES` WHERE GRANTEE='''root''@''%''' AND PRIVILEGE_TYPE='EVENT'
2023-09-24T22:24:31.405496Z	   68 Query	SELECT `PRIVILEGE_TYPE` FROM `INFORMATION_SCHEMA`.`USER_PRIVILEGES` WHERE GRANTEE='''root''@''%''' AND PRIVILEGE_TYPE='TRIGGER'
2023-09-24T22:24:31.407286Z	   69 Quit	
2023-09-24T22:24:31.407454Z	   68 Quit	
2023-09-24T22:46:29.356116Z	   70 Connect	root@localhost on  using TCP/IP
2023-09-24T22:46:29.356400Z	   70 Query	SELECT @@version, @@version_comment
2023-09-24T22:46:29.358407Z	   70 Query	SET NAMES 'utf8mb4' COLLATE 'utf8mb4_general_ci'
2023-09-24T22:46:29.358518Z	   70 Query	SET lc_messages = 'en_US'
2023-09-24T22:46:29.361346Z	   71 Connect	root@localhost on  using TCP/IP
2023-09-24T22:46:29.363546Z	   71 Query	SHOW TABLES FROM `phpmyadmin`
2023-09-24T22:46:29.363908Z	   71 Query	SHOW TABLES FROM `basso_ost`
2023-09-24T22:46:29.373045Z	   70 Query	SET collation_connection = 'utf8mb4_unicode_ci'
2023-09-24T22:46:29.373292Z	   71 Query	SHOW TABLES FROM `phpmyadmin`
2023-09-24T22:46:29.373511Z	   71 Query	SHOW TABLES FROM `basso_ost`
2023-09-24T22:46:29.382874Z	   70 Query	SHOW TABLES FROM `basso_ost`
2023-09-24T22:46:29.384997Z	   70 Query	SELECT 1 FROM mysql.user LIMIT 1
2023-09-24T22:46:29.385284Z	   70 Query	SELECT CURRENT_USER()
2023-09-24T22:46:29.385935Z	   70 Query	SELECT 1 FROM (SELECT `GRANTEE`, `IS_GRANTABLE` FROM `INFORMATION_SCHEMA`.`COLUMN_PRIVILEGES` UNION SELECT `GRANTEE`, `IS_GRANTABLE` FROM `INFORMATION_SCHEMA`.`TABLE_PRIVILEGES` UNION SELECT `GRANTEE`, `IS_GRANTABLE` FROM `INFORMATION_SCHEMA`.`SCHEMA_PRIVILEGES` UNION SELECT `GRANTEE`, `IS_GRANTABLE` FROM `INFORMATION_SCHEMA`.`USER_PRIVILEGES`) t WHERE `IS_GRANTABLE` = 'YES' AND '''root''@''%''' LIKE `GRANTEE` LIMIT 1
2023-09-24T22:46:29.386845Z	   70 Query	SELECT 1 FROM `INFORMATION_SCHEMA`.`USER_PRIVILEGES` WHERE `PRIVILEGE_TYPE` = 'CREATE USER' AND '''root''@''%''' LIKE `GRANTEE` LIMIT 1
2023-09-24T22:46:29.387188Z	   70 Query	SELECT `PRIVILEGE_TYPE` FROM `INFORMATION_SCHEMA`.`USER_PRIVILEGES` WHERE GRANTEE='''root''@''%''' AND PRIVILEGE_TYPE='EVENT'
2023-09-24T22:46:29.387398Z	   70 Query	SELECT `PRIVILEGE_TYPE` FROM `INFORMATION_SCHEMA`.`USER_PRIVILEGES` WHERE GRANTEE='''root''@''%''' AND PRIVILEGE_TYPE='TRIGGER'
2023-09-24T22:46:29.389006Z	   71 Quit	
2023-09-24T22:46:29.389155Z	   70 Quit	
2023-09-24T23:08:05.364251Z	   72 Connect	root@localhost on  using TCP/IP
2023-09-24T23:08:05.364482Z	   72 Query	SELECT @@version, @@version_comment
2023-09-24T23:08:05.366559Z	   72 Query	SET NAMES 'utf8mb4' COLLATE 'utf8mb4_general_ci'
2023-09-24T23:08:05.366685Z	   72 Query	SET lc_messages = 'en_US'
2023-09-24T23:08:05.369705Z	   73 Connect	root@localhost on  using TCP/IP
2023-09-24T23:08:05.372136Z	   73 Query	SHOW TABLES FROM `phpmyadmin`
2023-09-24T23:08:05.372577Z	   73 Query	SHOW TABLES FROM `basso_ost`
2023-09-24T23:08:05.382665Z	   72 Query	SET collation_connection = 'utf8mb4_unicode_ci'
2023-09-24T23:08:05.382910Z	   73 Query	SHOW TABLES FROM `phpmyadmin`
2023-09-24T23:08:05.383119Z	   73 Query	SHOW TABLES FROM `basso_ost`
2023-09-24T23:08:05.392446Z	   72 Query	SHOW TABLES FROM `basso_ost`
2023-09-24T23:08:05.394518Z	   72 Query	SELECT 1 FROM mysql.user LIMIT 1
2023-09-24T23:08:05.394778Z	   72 Query	SELECT CURRENT_USER()
2023-09-24T23:08:05.395358Z	   72 Query	SELECT 1 FROM (SELECT `GRANTEE`, `IS_GRANTABLE` FROM `INFORMATION_SCHEMA`.`COLUMN_PRIVILEGES` UNION SELECT `GRANTEE`, `IS_GRANTABLE` FROM `INFORMATION_SCHEMA`.`TABLE_PRIVILEGES` UNION SELECT `GRANTEE`, `IS_GRANTABLE` FROM `INFORMATION_SCHEMA`.`SCHEMA_PRIVILEGES` UNION SELECT `GRANTEE`, `IS_GRANTABLE` FROM `INFORMATION_SCHEMA`.`USER_PRIVILEGES`) t WHERE `IS_GRANTABLE` = 'YES' AND '''root''@''%''' LIKE `GRANTEE` LIMIT 1
2023-09-24T23:08:05.396083Z	   72 Query	SELECT 1 FROM `INFORMATION_SCHEMA`.`USER_PRIVILEGES` WHERE `PRIVILEGE_TYPE` = 'CREATE USER' AND '''root''@''%''' LIKE `GRANTEE` LIMIT 1
2023-09-24T23:08:05.396352Z	   72 Query	SELECT `PRIVILEGE_TYPE` FROM `INFORMATION_SCHEMA`.`USER_PRIVILEGES` WHERE GRANTEE='''root''@''%''' AND PRIVILEGE_TYPE='EVENT'
2023-09-24T23:08:05.396562Z	   72 Query	SELECT `PRIVILEGE_TYPE` FROM `INFORMATION_SCHEMA`.`USER_PRIVILEGES` WHERE GRANTEE='''root''@''%''' AND PRIVILEGE_TYPE='TRIGGER'
2023-09-24T23:08:05.398205Z	   73 Quit	
2023-09-24T23:08:05.398312Z	   72 Quit	
2023-09-24T23:28:19.365353Z	   74 Connect	root@localhost on  using TCP/IP
2023-09-24T23:28:19.365625Z	   74 Query	SELECT @@version, @@version_comment
2023-09-24T23:28:19.367698Z	   74 Query	SET NAMES 'utf8mb4' COLLATE 'utf8mb4_general_ci'
2023-09-24T23:28:19.367806Z	   74 Query	SET lc_messages = 'en_US'
2023-09-24T23:28:19.370846Z	   75 Connect	root@localhost on  using TCP/IP
2023-09-24T23:28:19.373266Z	   75 Query	SHOW TABLES FROM `phpmyadmin`
2023-09-24T23:28:19.373768Z	   75 Query	SHOW TABLES FROM `basso_ost`
2023-09-24T23:28:19.383367Z	   74 Query	SET collation_connection = 'utf8mb4_unicode_ci'
2023-09-24T23:28:19.383544Z	   75 Query	SHOW TABLES FROM `phpmyadmin`
2023-09-24T23:28:19.383710Z	   75 Query	SHOW TABLES FROM `basso_ost`
2023-09-24T23:28:19.393198Z	   74 Query	SHOW TABLES FROM `basso_ost`
2023-09-24T23:28:19.395459Z	   74 Query	SELECT 1 FROM mysql.user LIMIT 1
2023-09-24T23:28:19.395724Z	   74 Query	SELECT CURRENT_USER()
2023-09-24T23:28:19.396332Z	   74 Query	SELECT 1 FROM (SELECT `GRANTEE`, `IS_GRANTABLE` FROM `INFORMATION_SCHEMA`.`COLUMN_PRIVILEGES` UNION SELECT `GRANTEE`, `IS_GRANTABLE` FROM `INFORMATION_SCHEMA`.`TABLE_PRIVILEGES` UNION SELECT `GRANTEE`, `IS_GRANTABLE` FROM `INFORMATION_SCHEMA`.`SCHEMA_PRIVILEGES` UNION SELECT `GRANTEE`, `IS_GRANTABLE` FROM `INFORMATION_SCHEMA`.`USER_PRIVILEGES`) t WHERE `IS_GRANTABLE` = 'YES' AND '''root''@''%''' LIKE `GRANTEE` LIMIT 1
2023-09-24T23:28:19.397297Z	   74 Query	SELECT 1 FROM `INFORMATION_SCHEMA`.`USER_PRIVILEGES` WHERE `PRIVILEGE_TYPE` = 'CREATE USER' AND '''root''@''%''' LIKE `GRANTEE` LIMIT 1
2023-09-24T23:28:19.397698Z	   74 Query	SELECT `PRIVILEGE_TYPE` FROM `INFORMATION_SCHEMA`.`USER_PRIVILEGES` WHERE GRANTEE='''root''@''%''' AND PRIVILEGE_TYPE='EVENT'
2023-09-24T23:28:19.397921Z	   74 Query	SELECT `PRIVILEGE_TYPE` FROM `INFORMATION_SCHEMA`.`USER_PRIVILEGES` WHERE GRANTEE='''root''@''%''' AND PRIVILEGE_TYPE='TRIGGER'
2023-09-24T23:28:19.399591Z	   75 Quit	
2023-09-24T23:28:19.399745Z	   74 Quit	
2023-09-24T23:48:13.356078Z	   76 Connect	root@localhost on  using TCP/IP
2023-09-24T23:48:13.356351Z	   76 Query	SELECT @@version, @@version_comment
2023-09-24T23:48:13.358481Z	   76 Query	SET NAMES 'utf8mb4' COLLATE 'utf8mb4_general_ci'
2023-09-24T23:48:13.358636Z	   76 Query	SET lc_messages = 'en_US'
2023-09-24T23:48:13.361677Z	   77 Connect	root@localhost on  using TCP/IP
2023-09-24T23:48:13.363974Z	   77 Query	SHOW TABLES FROM `phpmyadmin`
2023-09-24T23:48:13.364395Z	   77 Query	SHOW TABLES FROM `basso_ost`
2023-09-24T23:48:13.373371Z	   76 Query	SET collation_connection = 'utf8mb4_unicode_ci'
2023-09-24T23:48:13.373654Z	   77 Query	SHOW TABLES FROM `phpmyadmin`
2023-09-24T23:48:13.373933Z	   77 Query	SHOW TABLES FROM `basso_ost`
2023-09-24T23:48:13.383712Z	   76 Query	SHOW TABLES FROM `basso_ost`
2023-09-24T23:48:13.385689Z	   76 Query	SELECT 1 FROM mysql.user LIMIT 1
2023-09-24T23:48:13.385943Z	   76 Query	SELECT CURRENT_USER()
2023-09-24T23:48:13.386540Z	   76 Query	SELECT 1 FROM (SELECT `GRANTEE`, `IS_GRANTABLE` FROM `INFORMATION_SCHEMA`.`COLUMN_PRIVILEGES` UNION SELECT `GRANTEE`, `IS_GRANTABLE` FROM `INFORMATION_SCHEMA`.`TABLE_PRIVILEGES` UNION SELECT `GRANTEE`, `IS_GRANTABLE` FROM `INFORMATION_SCHEMA`.`SCHEMA_PRIVILEGES` UNION SELECT `GRANTEE`, `IS_GRANTABLE` FROM `INFORMATION_SCHEMA`.`USER_PRIVILEGES`) t WHERE `IS_GRANTABLE` = 'YES' AND '''root''@''%''' LIKE `GRANTEE` LIMIT 1
2023-09-24T23:48:13.387330Z	   76 Query	SELECT 1 FROM `INFORMATION_SCHEMA`.`USER_PRIVILEGES` WHERE `PRIVILEGE_TYPE` = 'CREATE USER' AND '''root''@''%''' LIKE `GRANTEE` LIMIT 1
2023-09-24T23:48:13.387670Z	   76 Query	SELECT `PRIVILEGE_TYPE` FROM `INFORMATION_SCHEMA`.`USER_PRIVILEGES` WHERE GRANTEE='''root''@''%''' AND PRIVILEGE_TYPE='EVENT'
2023-09-24T23:48:13.387877Z	   76 Query	SELECT `PRIVILEGE_TYPE` FROM `INFORMATION_SCHEMA`.`USER_PRIVILEGES` WHERE GRANTEE='''root''@''%''' AND PRIVILEGE_TYPE='TRIGGER'
2023-09-24T23:48:13.389438Z	   77 Quit	
2023-09-24T23:48:13.389593Z	   76 Quit	
2023-09-25T00:07:47.361267Z	   78 Connect	root@localhost on  using TCP/IP
2023-09-25T00:07:47.361532Z	   78 Query	SELECT @@version, @@version_comment
2023-09-25T00:07:47.363675Z	   78 Query	SET NAMES 'utf8mb4' COLLATE 'utf8mb4_general_ci'
2023-09-25T00:07:47.363831Z	   78 Query	SET lc_messages = 'en_US'
2023-09-25T00:07:47.366787Z	   79 Connect	root@localhost on  using TCP/IP
2023-09-25T00:07:47.369036Z	   79 Query	SHOW TABLES FROM `phpmyadmin`
2023-09-25T00:07:47.370572Z	   79 Query	SHOW TABLES FROM `basso_ost`
2023-09-25T00:07:47.380638Z	   78 Query	SET collation_connection = 'utf8mb4_unicode_ci'
2023-09-25T00:07:47.380885Z	   79 Query	SHOW TABLES FROM `phpmyadmin`
2023-09-25T00:07:47.381100Z	   79 Query	SHOW TABLES FROM `basso_ost`
2023-09-25T00:07:47.391413Z	   78 Query	SHOW TABLES FROM `basso_ost`
2023-09-25T00:07:47.395478Z	   78 Query	SELECT 1 FROM mysql.user LIMIT 1
2023-09-25T00:07:47.396312Z	   78 Query	SELECT CURRENT_USER()
2023-09-25T00:07:47.397051Z	   78 Query	SELECT 1 FROM (SELECT `GRANTEE`, `IS_GRANTABLE` FROM `INFORMATION_SCHEMA`.`COLUMN_PRIVILEGES` UNION SELECT `GRANTEE`, `IS_GRANTABLE` FROM `INFORMATION_SCHEMA`.`TABLE_PRIVILEGES` UNION SELECT `GRANTEE`, `IS_GRANTABLE` FROM `INFORMATION_SCHEMA`.`SCHEMA_PRIVILEGES` UNION SELECT `GRANTEE`, `IS_GRANTABLE` FROM `INFORMATION_SCHEMA`.`USER_PRIVILEGES`) t WHERE `IS_GRANTABLE` = 'YES' AND '''root''@''%''' LIKE `GRANTEE` LIMIT 1
2023-09-25T00:07:47.398234Z	   78 Query	SELECT 1 FROM `INFORMATION_SCHEMA`.`USER_PRIVILEGES` WHERE `PRIVILEGE_TYPE` = 'CREATE USER' AND '''root''@''%''' LIKE `GRANTEE` LIMIT 1
2023-09-25T00:07:47.398660Z	   78 Query	SELECT `PRIVILEGE_TYPE` FROM `INFORMATION_SCHEMA`.`USER_PRIVILEGES` WHERE GRANTEE='''root''@''%''' AND PRIVILEGE_TYPE='EVENT'
2023-09-25T00:07:47.398897Z	   78 Query	SELECT `PRIVILEGE_TYPE` FROM `INFORMATION_SCHEMA`.`USER_PRIVILEGES` WHERE GRANTEE='''root''@''%''' AND PRIVILEGE_TYPE='TRIGGER'
2023-09-25T00:07:47.400976Z	   79 Quit	
2023-09-25T00:07:47.401064Z	   78 Quit	
2023-09-25T00:11:36.855388Z	   80 Connect	root@localhost on basso_ost using TCP/IP
2023-09-25T00:26:00.360416Z	   81 Connect	root@localhost on  using TCP/IP
2023-09-25T00:26:00.360677Z	   81 Query	SELECT @@version, @@version_comment
2023-09-25T00:26:00.362829Z	   81 Query	SET NAMES 'utf8mb4' COLLATE 'utf8mb4_general_ci'
2023-09-25T00:26:00.363001Z	   81 Query	SET lc_messages = 'en_US'
2023-09-25T00:26:00.366226Z	   82 Connect	root@localhost on  using TCP/IP
2023-09-25T00:26:00.368543Z	   82 Query	SHOW TABLES FROM `phpmyadmin`
2023-09-25T00:26:00.369154Z	   82 Query	SHOW TABLES FROM `basso_ost`
2023-09-25T00:26:00.379206Z	   81 Query	SET collation_connection = 'utf8mb4_unicode_ci'
2023-09-25T00:26:00.379459Z	   82 Query	SHOW TABLES FROM `phpmyadmin`
2023-09-25T00:26:00.379767Z	   82 Query	SHOW TABLES FROM `basso_ost`
2023-09-25T00:26:00.389339Z	   81 Query	SHOW TABLES FROM `basso_ost`
2023-09-25T00:26:00.392104Z	   81 Query	SELECT 1 FROM mysql.user LIMIT 1
2023-09-25T00:26:00.394090Z	   81 Query	SELECT CURRENT_USER()
2023-09-25T00:26:00.394826Z	   81 Query	SELECT 1 FROM (SELECT `GRANTEE`, `IS_GRANTABLE` FROM `INFORMATION_SCHEMA`.`COLUMN_PRIVILEGES` UNION SELECT `GRANTEE`, `IS_GRANTABLE` FROM `INFORMATION_SCHEMA`.`TABLE_PRIVILEGES` UNION SELECT `GRANTEE`, `IS_GRANTABLE` FROM `INFORMATION_SCHEMA`.`SCHEMA_PRIVILEGES` UNION SELECT `GRANTEE`, `IS_GRANTABLE` FROM `INFORMATION_SCHEMA`.`USER_PRIVILEGES`) t WHERE `IS_GRANTABLE` = 'YES' AND '''root''@''%''' LIKE `GRANTEE` LIMIT 1
2023-09-25T00:26:00.396775Z	   81 Query	SELECT 1 FROM `INFORMATION_SCHEMA`.`USER_PRIVILEGES` WHERE `PRIVILEGE_TYPE` = 'CREATE USER' AND '''root''@''%''' LIKE `GRANTEE` LIMIT 1
2023-09-25T00:26:00.397216Z	   81 Query	SELECT `PRIVILEGE_TYPE` FROM `INFORMATION_SCHEMA`.`USER_PRIVILEGES` WHERE GRANTEE='''root''@''%''' AND PRIVILEGE_TYPE='EVENT'
2023-09-25T00:26:00.397450Z	   81 Query	SELECT `PRIVILEGE_TYPE` FROM `INFORMATION_SCHEMA`.`USER_PRIVILEGES` WHERE GRANTEE='''root''@''%''' AND PRIVILEGE_TYPE='TRIGGER'
2023-09-25T00:26:00.399664Z	   82 Quit	
2023-09-25T00:26:00.399837Z	   81 Quit	
